0 info it worked if it ends with ok
1 verbose cli [ '/Users/jeffcao/ddz_env/node-v0.10.33/bin/node',
1 verbose cli   '/usr/local/node/bin/npm',
1 verbose cli   'install',
1 verbose cli   '-d' ]
2 info using npm@1.4.28
3 info using node@v0.10.33
4 verbose readDependencies using package.json deps
5 verbose install where, deps [ '/Users/jeffcao/workspace/u_ddz/source/ddz-server/charge-server',
5 verbose install   [ 'express',
5 verbose install     'body-parser',
5 verbose install     'cookie-parser',
5 verbose install     'morgan',
5 verbose install     'serve-favicon',
5 verbose install     'debug',
5 verbose install     'jade',
5 verbose install     'mongodb',
5 verbose install     'mongoose',
5 verbose install     'mongoose-q',
5 verbose install     'q',
5 verbose install     'node-uuid' ] ]
6 info preinstall charge-server@0.0.0
7 verbose readDependencies using package.json deps
8 verbose cache add [ 'body-parser@~1.6.6', null ]
9 verbose cache add name=undefined spec="body-parser@~1.6.6" args=["body-parser@~1.6.6",null]
10 verbose parsed url { protocol: null,
10 verbose parsed url   slashes: null,
10 verbose parsed url   auth: null,
10 verbose parsed url   host: null,
10 verbose parsed url   port: null,
10 verbose parsed url   hostname: null,
10 verbose parsed url   hash: null,
10 verbose parsed url   search: null,
10 verbose parsed url   query: null,
10 verbose parsed url   pathname: 'body-parser@~1.6.6',
10 verbose parsed url   path: 'body-parser@~1.6.6',
10 verbose parsed url   href: 'body-parser@~1.6.6' }
11 verbose cache add [ 'cookie-parser@~1.3.2', null ]
12 verbose cache add name=undefined spec="cookie-parser@~1.3.2" args=["cookie-parser@~1.3.2",null]
13 verbose parsed url { protocol: null,
13 verbose parsed url   slashes: null,
13 verbose parsed url   auth: null,
13 verbose parsed url   host: null,
13 verbose parsed url   port: null,
13 verbose parsed url   hostname: null,
13 verbose parsed url   hash: null,
13 verbose parsed url   search: null,
13 verbose parsed url   query: null,
13 verbose parsed url   pathname: 'cookie-parser@~1.3.2',
13 verbose parsed url   path: 'cookie-parser@~1.3.2',
13 verbose parsed url   href: 'cookie-parser@~1.3.2' }
14 verbose cache add [ 'morgan@~1.2.3', null ]
15 verbose cache add name=undefined spec="morgan@~1.2.3" args=["morgan@~1.2.3",null]
16 verbose parsed url { protocol: null,
16 verbose parsed url   slashes: null,
16 verbose parsed url   auth: null,
16 verbose parsed url   host: null,
16 verbose parsed url   port: null,
16 verbose parsed url   hostname: null,
16 verbose parsed url   hash: null,
16 verbose parsed url   search: null,
16 verbose parsed url   query: null,
16 verbose parsed url   pathname: 'morgan@~1.2.3',
16 verbose parsed url   path: 'morgan@~1.2.3',
16 verbose parsed url   href: 'morgan@~1.2.3' }
17 verbose cache add name="body-parser" spec="~1.6.6" args=["body-parser","~1.6.6"]
18 verbose parsed url { protocol: null,
18 verbose parsed url   slashes: null,
18 verbose parsed url   auth: null,
18 verbose parsed url   host: null,
18 verbose parsed url   port: null,
18 verbose parsed url   hostname: null,
18 verbose parsed url   hash: null,
18 verbose parsed url   search: null,
18 verbose parsed url   query: null,
18 verbose parsed url   pathname: '~1.6.6',
18 verbose parsed url   path: '~1.6.6',
18 verbose parsed url   href: '~1.6.6' }
19 verbose addNamed [ 'body-parser', '~1.6.6' ]
20 verbose addNamed [ null, '>=1.6.6-0 <1.7.0-0' ]
21 verbose cache add name="cookie-parser" spec="~1.3.2" args=["cookie-parser","~1.3.2"]
22 verbose parsed url { protocol: null,
22 verbose parsed url   slashes: null,
22 verbose parsed url   auth: null,
22 verbose parsed url   host: null,
22 verbose parsed url   port: null,
22 verbose parsed url   hostname: null,
22 verbose parsed url   hash: null,
22 verbose parsed url   search: null,
22 verbose parsed url   query: null,
22 verbose parsed url   pathname: '~1.3.2',
22 verbose parsed url   path: '~1.3.2',
22 verbose parsed url   href: '~1.3.2' }
23 verbose addNamed [ 'cookie-parser', '~1.3.2' ]
24 verbose addNamed [ null, '>=1.3.2-0 <1.4.0-0' ]
25 verbose cache add [ 'serve-favicon@~2.0.1', null ]
26 verbose cache add name=undefined spec="serve-favicon@~2.0.1" args=["serve-favicon@~2.0.1",null]
27 verbose parsed url { protocol: null,
27 verbose parsed url   slashes: null,
27 verbose parsed url   auth: null,
27 verbose parsed url   host: null,
27 verbose parsed url   port: null,
27 verbose parsed url   hostname: null,
27 verbose parsed url   hash: null,
27 verbose parsed url   search: null,
27 verbose parsed url   query: null,
27 verbose parsed url   pathname: 'serve-favicon@~2.0.1',
27 verbose parsed url   path: 'serve-favicon@~2.0.1',
27 verbose parsed url   href: 'serve-favicon@~2.0.1' }
28 verbose cache add [ 'debug@~1.0.4', null ]
29 verbose cache add name=undefined spec="debug@~1.0.4" args=["debug@~1.0.4",null]
30 verbose parsed url { protocol: null,
30 verbose parsed url   slashes: null,
30 verbose parsed url   auth: null,
30 verbose parsed url   host: null,
30 verbose parsed url   port: null,
30 verbose parsed url   hostname: null,
30 verbose parsed url   hash: null,
30 verbose parsed url   search: null,
30 verbose parsed url   query: null,
30 verbose parsed url   pathname: 'debug@~1.0.4',
30 verbose parsed url   path: 'debug@~1.0.4',
30 verbose parsed url   href: 'debug@~1.0.4' }
31 verbose cache add name="morgan" spec="~1.2.3" args=["morgan","~1.2.3"]
32 verbose parsed url { protocol: null,
32 verbose parsed url   slashes: null,
32 verbose parsed url   auth: null,
32 verbose parsed url   host: null,
32 verbose parsed url   port: null,
32 verbose parsed url   hostname: null,
32 verbose parsed url   hash: null,
32 verbose parsed url   search: null,
32 verbose parsed url   query: null,
32 verbose parsed url   pathname: '~1.2.3',
32 verbose parsed url   path: '~1.2.3',
32 verbose parsed url   href: '~1.2.3' }
33 verbose addNamed [ 'morgan', '~1.2.3' ]
34 verbose addNamed [ null, '>=1.2.3-0 <1.3.0-0' ]
35 silly lockFile 281ce4b4-body-parser-1-6-6 body-parser@~1.6.6
36 verbose lock body-parser@~1.6.6 /Users/jeffcao/.npm/281ce4b4-body-parser-1-6-6.lock
37 silly lockFile 2f01d9c0-cookie-parser-1-3-2 cookie-parser@~1.3.2
38 verbose lock cookie-parser@~1.3.2 /Users/jeffcao/.npm/2f01d9c0-cookie-parser-1-3-2.lock
39 silly lockFile ba6a8389-morgan-1-2-3 morgan@~1.2.3
40 verbose lock morgan@~1.2.3 /Users/jeffcao/.npm/ba6a8389-morgan-1-2-3.lock
41 verbose cache add name="serve-favicon" spec="~2.0.1" args=["serve-favicon","~2.0.1"]
42 verbose parsed url { protocol: null,
42 verbose parsed url   slashes: null,
42 verbose parsed url   auth: null,
42 verbose parsed url   host: null,
42 verbose parsed url   port: null,
42 verbose parsed url   hostname: null,
42 verbose parsed url   hash: null,
42 verbose parsed url   search: null,
42 verbose parsed url   query: null,
42 verbose parsed url   pathname: '~2.0.1',
42 verbose parsed url   path: '~2.0.1',
42 verbose parsed url   href: '~2.0.1' }
43 verbose addNamed [ 'serve-favicon', '~2.0.1' ]
44 verbose addNamed [ null, '>=2.0.1-0 <2.1.0-0' ]
45 silly lockFile a1edf148-serve-favicon-2-0-1 serve-favicon@~2.0.1
46 verbose lock serve-favicon@~2.0.1 /Users/jeffcao/.npm/a1edf148-serve-favicon-2-0-1.lock
47 verbose cache add [ 'jade@~1.5.0', null ]
48 verbose cache add name=undefined spec="jade@~1.5.0" args=["jade@~1.5.0",null]
49 verbose parsed url { protocol: null,
49 verbose parsed url   slashes: null,
49 verbose parsed url   auth: null,
49 verbose parsed url   host: null,
49 verbose parsed url   port: null,
49 verbose parsed url   hostname: null,
49 verbose parsed url   hash: null,
49 verbose parsed url   search: null,
49 verbose parsed url   query: null,
49 verbose parsed url   pathname: 'jade@~1.5.0',
49 verbose parsed url   path: 'jade@~1.5.0',
49 verbose parsed url   href: 'jade@~1.5.0' }
50 verbose cache add [ 'mongodb@*', null ]
51 verbose cache add name=undefined spec="mongodb@*" args=["mongodb@*",null]
52 verbose parsed url { protocol: null,
52 verbose parsed url   slashes: null,
52 verbose parsed url   auth: null,
52 verbose parsed url   host: null,
52 verbose parsed url   port: null,
52 verbose parsed url   hostname: null,
52 verbose parsed url   hash: null,
52 verbose parsed url   search: null,
52 verbose parsed url   query: null,
52 verbose parsed url   pathname: 'mongodb@*',
52 verbose parsed url   path: 'mongodb@*',
52 verbose parsed url   href: 'mongodb@*' }
53 verbose cache add name="debug" spec="~1.0.4" args=["debug","~1.0.4"]
54 verbose parsed url { protocol: null,
54 verbose parsed url   slashes: null,
54 verbose parsed url   auth: null,
54 verbose parsed url   host: null,
54 verbose parsed url   port: null,
54 verbose parsed url   hostname: null,
54 verbose parsed url   hash: null,
54 verbose parsed url   search: null,
54 verbose parsed url   query: null,
54 verbose parsed url   pathname: '~1.0.4',
54 verbose parsed url   path: '~1.0.4',
54 verbose parsed url   href: '~1.0.4' }
55 verbose addNamed [ 'debug', '~1.0.4' ]
56 verbose addNamed [ null, '>=1.0.4-0 <1.1.0-0' ]
57 silly lockFile 0bd7c3a1-debug-1-0-4 debug@~1.0.4
58 verbose lock debug@~1.0.4 /Users/jeffcao/.npm/0bd7c3a1-debug-1-0-4.lock
59 verbose cache add [ 'mongoose@3.x', null ]
60 verbose cache add name=undefined spec="mongoose@3.x" args=["mongoose@3.x",null]
61 verbose parsed url { protocol: null,
61 verbose parsed url   slashes: null,
61 verbose parsed url   auth: null,
61 verbose parsed url   host: null,
61 verbose parsed url   port: null,
61 verbose parsed url   hostname: null,
61 verbose parsed url   hash: null,
61 verbose parsed url   search: null,
61 verbose parsed url   query: null,
61 verbose parsed url   pathname: 'mongoose@3.x',
61 verbose parsed url   path: 'mongoose@3.x',
61 verbose parsed url   href: 'mongoose@3.x' }
62 verbose cache add [ 'mongoose-q@*', null ]
63 verbose cache add name=undefined spec="mongoose-q@*" args=["mongoose-q@*",null]
64 verbose parsed url { protocol: null,
64 verbose parsed url   slashes: null,
64 verbose parsed url   auth: null,
64 verbose parsed url   host: null,
64 verbose parsed url   port: null,
64 verbose parsed url   hostname: null,
64 verbose parsed url   hash: null,
64 verbose parsed url   search: null,
64 verbose parsed url   query: null,
64 verbose parsed url   pathname: 'mongoose-q@*',
64 verbose parsed url   path: 'mongoose-q@*',
64 verbose parsed url   href: 'mongoose-q@*' }
65 verbose cache add [ 'q@*', null ]
66 verbose cache add name=undefined spec="q@*" args=["q@*",null]
67 verbose parsed url { protocol: null,
67 verbose parsed url   slashes: null,
67 verbose parsed url   auth: null,
67 verbose parsed url   host: null,
67 verbose parsed url   port: null,
67 verbose parsed url   hostname: null,
67 verbose parsed url   hash: null,
67 verbose parsed url   search: null,
67 verbose parsed url   query: null,
67 verbose parsed url   pathname: 'q@*',
67 verbose parsed url   path: 'q@*',
67 verbose parsed url   href: 'q@*' }
68 verbose cache add [ 'node-uuid@*', null ]
69 verbose cache add name=undefined spec="node-uuid@*" args=["node-uuid@*",null]
70 verbose parsed url { protocol: null,
70 verbose parsed url   slashes: null,
70 verbose parsed url   auth: null,
70 verbose parsed url   host: null,
70 verbose parsed url   port: null,
70 verbose parsed url   hostname: null,
70 verbose parsed url   hash: null,
70 verbose parsed url   search: null,
70 verbose parsed url   query: null,
70 verbose parsed url   pathname: 'node-uuid@*',
70 verbose parsed url   path: 'node-uuid@*',
70 verbose parsed url   href: 'node-uuid@*' }
71 verbose cache add [ 'express@~4.8.6', null ]
72 verbose cache add name=undefined spec="express@~4.8.6" args=["express@~4.8.6",null]
73 verbose parsed url { protocol: null,
73 verbose parsed url   slashes: null,
73 verbose parsed url   auth: null,
73 verbose parsed url   host: null,
73 verbose parsed url   port: null,
73 verbose parsed url   hostname: null,
73 verbose parsed url   hash: null,
73 verbose parsed url   search: null,
73 verbose parsed url   query: null,
73 verbose parsed url   pathname: 'express@~4.8.6',
73 verbose parsed url   path: 'express@~4.8.6',
73 verbose parsed url   href: 'express@~4.8.6' }
74 verbose cache add name="jade" spec="~1.5.0" args=["jade","~1.5.0"]
75 verbose parsed url { protocol: null,
75 verbose parsed url   slashes: null,
75 verbose parsed url   auth: null,
75 verbose parsed url   host: null,
75 verbose parsed url   port: null,
75 verbose parsed url   hostname: null,
75 verbose parsed url   hash: null,
75 verbose parsed url   search: null,
75 verbose parsed url   query: null,
75 verbose parsed url   pathname: '~1.5.0',
75 verbose parsed url   path: '~1.5.0',
75 verbose parsed url   href: '~1.5.0' }
76 verbose addNamed [ 'jade', '~1.5.0' ]
77 verbose addNamed [ null, '>=1.5.0-0 <1.6.0-0' ]
78 silly lockFile 87624308-jade-1-5-0 jade@~1.5.0
79 verbose lock jade@~1.5.0 /Users/jeffcao/.npm/87624308-jade-1-5-0.lock
80 verbose cache add name="mongodb" spec="*" args=["mongodb","*"]
81 verbose parsed url { protocol: null,
81 verbose parsed url   slashes: null,
81 verbose parsed url   auth: null,
81 verbose parsed url   host: null,
81 verbose parsed url   port: null,
81 verbose parsed url   hostname: null,
81 verbose parsed url   hash: null,
81 verbose parsed url   search: null,
81 verbose parsed url   query: null,
81 verbose parsed url   pathname: '*',
81 verbose parsed url   path: '*',
81 verbose parsed url   href: '*' }
82 verbose addNamed [ 'mongodb', '*' ]
83 verbose addNamed [ null, '*' ]
84 silly lockFile 842f93d5-mongodb mongodb@*
85 verbose lock mongodb@* /Users/jeffcao/.npm/842f93d5-mongodb.lock
86 verbose cache add name="mongoose" spec="3.x" args=["mongoose","3.x"]
87 verbose parsed url { protocol: null,
87 verbose parsed url   slashes: null,
87 verbose parsed url   auth: null,
87 verbose parsed url   host: null,
87 verbose parsed url   port: null,
87 verbose parsed url   hostname: null,
87 verbose parsed url   hash: null,
87 verbose parsed url   search: null,
87 verbose parsed url   query: null,
87 verbose parsed url   pathname: '3.x',
87 verbose parsed url   path: '3.x',
87 verbose parsed url   href: '3.x' }
88 verbose addNamed [ 'mongoose', '3.x' ]
89 verbose addNamed [ null, '>=3.0.0-0 <4.0.0-0' ]
90 silly lockFile aa88cc95-mongoose-3-x mongoose@3.x
91 verbose lock mongoose@3.x /Users/jeffcao/.npm/aa88cc95-mongoose-3-x.lock
92 verbose cache add name="mongoose-q" spec="*" args=["mongoose-q","*"]
93 verbose parsed url { protocol: null,
93 verbose parsed url   slashes: null,
93 verbose parsed url   auth: null,
93 verbose parsed url   host: null,
93 verbose parsed url   port: null,
93 verbose parsed url   hostname: null,
93 verbose parsed url   hash: null,
93 verbose parsed url   search: null,
93 verbose parsed url   query: null,
93 verbose parsed url   pathname: '*',
93 verbose parsed url   path: '*',
93 verbose parsed url   href: '*' }
94 verbose addNamed [ 'mongoose-q', '*' ]
95 verbose addNamed [ null, '*' ]
96 silly lockFile 57d85788-mongoose-q mongoose-q@*
97 verbose lock mongoose-q@* /Users/jeffcao/.npm/57d85788-mongoose-q.lock
98 verbose cache add name="q" spec="*" args=["q","*"]
99 verbose parsed url { protocol: null,
99 verbose parsed url   slashes: null,
99 verbose parsed url   auth: null,
99 verbose parsed url   host: null,
99 verbose parsed url   port: null,
99 verbose parsed url   hostname: null,
99 verbose parsed url   hash: null,
99 verbose parsed url   search: null,
99 verbose parsed url   query: null,
99 verbose parsed url   pathname: '*',
99 verbose parsed url   path: '*',
99 verbose parsed url   href: '*' }
100 verbose addNamed [ 'q', '*' ]
101 verbose addNamed [ null, '*' ]
102 silly lockFile 18bab862-q q@*
103 verbose lock q@* /Users/jeffcao/.npm/18bab862-q.lock
104 verbose cache add name="node-uuid" spec="*" args=["node-uuid","*"]
105 verbose parsed url { protocol: null,
105 verbose parsed url   slashes: null,
105 verbose parsed url   auth: null,
105 verbose parsed url   host: null,
105 verbose parsed url   port: null,
105 verbose parsed url   hostname: null,
105 verbose parsed url   hash: null,
105 verbose parsed url   search: null,
105 verbose parsed url   query: null,
105 verbose parsed url   pathname: '*',
105 verbose parsed url   path: '*',
105 verbose parsed url   href: '*' }
106 verbose addNamed [ 'node-uuid', '*' ]
107 verbose addNamed [ null, '*' ]
108 silly lockFile 31e1e91b-node-uuid node-uuid@*
109 verbose lock node-uuid@* /Users/jeffcao/.npm/31e1e91b-node-uuid.lock
110 verbose cache add name="express" spec="~4.8.6" args=["express","~4.8.6"]
111 verbose parsed url { protocol: null,
111 verbose parsed url   slashes: null,
111 verbose parsed url   auth: null,
111 verbose parsed url   host: null,
111 verbose parsed url   port: null,
111 verbose parsed url   hostname: null,
111 verbose parsed url   hash: null,
111 verbose parsed url   search: null,
111 verbose parsed url   query: null,
111 verbose parsed url   pathname: '~4.8.6',
111 verbose parsed url   path: '~4.8.6',
111 verbose parsed url   href: '~4.8.6' }
112 verbose addNamed [ 'express', '~4.8.6' ]
113 verbose addNamed [ null, '>=4.8.6-0 <4.9.0-0' ]
114 silly lockFile 64fe1698-express-4-8-6 express@~4.8.6
115 verbose lock express@~4.8.6 /Users/jeffcao/.npm/64fe1698-express-4-8-6.lock
116 silly addNameRange { name: 'cookie-parser',
116 silly addNameRange   range: '>=1.3.2-0 <1.4.0-0',
116 silly addNameRange   hasData: false }
117 silly addNameRange { name: 'body-parser',
117 silly addNameRange   range: '>=1.6.6-0 <1.7.0-0',
117 silly addNameRange   hasData: false }
118 silly addNameRange { name: 'morgan', range: '>=1.2.3-0 <1.3.0-0', hasData: false }
119 silly addNameRange { name: 'serve-favicon',
119 silly addNameRange   range: '>=2.0.1-0 <2.1.0-0',
119 silly addNameRange   hasData: false }
120 silly addNameRange { name: 'jade', range: '>=1.5.0-0 <1.6.0-0', hasData: false }
121 silly addNameRange { name: 'debug', range: '>=1.0.4-0 <1.1.0-0', hasData: false }
122 silly addNameRange { name: 'mongoose', range: '>=3.0.0-0 <4.0.0-0', hasData: false }
123 silly addNameRange { name: 'mongoose-q', range: '*', hasData: false }
124 silly addNameRange { name: 'q', range: '*', hasData: false }
125 silly addNameRange { name: 'node-uuid', range: '*', hasData: false }
126 silly addNameRange { name: 'mongodb', range: '*', hasData: false }
127 silly addNameRange { name: 'express', range: '>=4.8.6-0 <4.9.0-0', hasData: false }
128 verbose request where is /body-parser
129 verbose request registry https://registry.npmjs.org/
130 verbose request id 1e3c2efa08b031c6
131 verbose url raw /body-parser
132 verbose url resolving [ 'https://registry.npmjs.org/', './body-parser' ]
133 verbose url resolved https://registry.npmjs.org/body-parser
134 verbose request where is https://registry.npmjs.org/body-parser
135 info trying registry request attempt 1 at 09:07:48
136 http GET https://registry.npmjs.org/body-parser
137 verbose request where is /cookie-parser
138 verbose request registry https://registry.npmjs.org/
139 verbose url raw /cookie-parser
140 verbose url resolving [ 'https://registry.npmjs.org/', './cookie-parser' ]
141 verbose url resolved https://registry.npmjs.org/cookie-parser
142 verbose request where is https://registry.npmjs.org/cookie-parser
143 info trying registry request attempt 1 at 09:07:48
144 http GET https://registry.npmjs.org/cookie-parser
145 verbose request where is /morgan
146 verbose request registry https://registry.npmjs.org/
147 verbose url raw /morgan
148 verbose url resolving [ 'https://registry.npmjs.org/', './morgan' ]
149 verbose url resolved https://registry.npmjs.org/morgan
150 verbose request where is https://registry.npmjs.org/morgan
151 info trying registry request attempt 1 at 09:07:48
152 http GET https://registry.npmjs.org/morgan
153 verbose request where is /debug
154 verbose request registry https://registry.npmjs.org/
155 verbose url raw /debug
156 verbose url resolving [ 'https://registry.npmjs.org/', './debug' ]
157 verbose url resolved https://registry.npmjs.org/debug
158 verbose request where is https://registry.npmjs.org/debug
159 info trying registry request attempt 1 at 09:07:48
160 http GET https://registry.npmjs.org/debug
161 verbose request where is /jade
162 verbose request registry https://registry.npmjs.org/
163 verbose url raw /jade
164 verbose url resolving [ 'https://registry.npmjs.org/', './jade' ]
165 verbose url resolved https://registry.npmjs.org/jade
166 verbose request where is https://registry.npmjs.org/jade
167 info trying registry request attempt 1 at 09:07:48
168 http GET https://registry.npmjs.org/jade
169 verbose request where is /mongoose
170 verbose request registry https://registry.npmjs.org/
171 verbose url raw /mongoose
172 verbose url resolving [ 'https://registry.npmjs.org/', './mongoose' ]
173 verbose url resolved https://registry.npmjs.org/mongoose
174 verbose request where is https://registry.npmjs.org/mongoose
175 info trying registry request attempt 1 at 09:07:48
176 http GET https://registry.npmjs.org/mongoose
177 verbose request where is /serve-favicon
178 verbose request registry https://registry.npmjs.org/
179 verbose url raw /serve-favicon
180 verbose url resolving [ 'https://registry.npmjs.org/', './serve-favicon' ]
181 verbose url resolved https://registry.npmjs.org/serve-favicon
182 verbose request where is https://registry.npmjs.org/serve-favicon
183 info trying registry request attempt 1 at 09:07:48
184 http GET https://registry.npmjs.org/serve-favicon
185 verbose request where is /mongoose-q
186 verbose request registry https://registry.npmjs.org/
187 verbose url raw /mongoose-q
188 verbose url resolving [ 'https://registry.npmjs.org/', './mongoose-q' ]
189 verbose url resolved https://registry.npmjs.org/mongoose-q
190 verbose request where is https://registry.npmjs.org/mongoose-q
191 info trying registry request attempt 1 at 09:07:48
192 http GET https://registry.npmjs.org/mongoose-q
193 verbose request where is /mongodb
194 verbose request registry https://registry.npmjs.org/
195 verbose url raw /mongodb
196 verbose url resolving [ 'https://registry.npmjs.org/', './mongodb' ]
197 verbose url resolved https://registry.npmjs.org/mongodb
198 verbose request where is https://registry.npmjs.org/mongodb
199 info trying registry request attempt 1 at 09:07:48
200 http GET https://registry.npmjs.org/mongodb
201 verbose request where is /express
202 verbose request registry https://registry.npmjs.org/
203 verbose url raw /express
204 verbose url resolving [ 'https://registry.npmjs.org/', './express' ]
205 verbose url resolved https://registry.npmjs.org/express
206 verbose request where is https://registry.npmjs.org/express
207 info trying registry request attempt 1 at 09:07:48
208 http GET https://registry.npmjs.org/express
209 verbose request where is /q
210 verbose request registry https://registry.npmjs.org/
211 verbose url raw /q
212 verbose url resolving [ 'https://registry.npmjs.org/', './q' ]
213 verbose url resolved https://registry.npmjs.org/q
214 verbose request where is https://registry.npmjs.org/q
215 info trying registry request attempt 1 at 09:07:48
216 http GET https://registry.npmjs.org/q
217 verbose request where is /node-uuid
218 verbose request registry https://registry.npmjs.org/
219 verbose url raw /node-uuid
220 verbose url resolving [ 'https://registry.npmjs.org/', './node-uuid' ]
221 verbose url resolved https://registry.npmjs.org/node-uuid
222 verbose request where is https://registry.npmjs.org/node-uuid
223 info trying registry request attempt 1 at 09:07:49
224 verbose etag "4AJT0QIH6ACG9DWT9VNFZEQWT"
225 http GET https://registry.npmjs.org/node-uuid
226 http 200 https://registry.npmjs.org/debug
227 silly registry.get cb [ 200,
227 silly registry.get   { date: 'Mon, 02 Feb 2015 01:07:49 GMT',
227 silly registry.get     server: 'CouchDB/1.5.0 (Erlang OTP/R16B03)',
227 silly registry.get     etag: '"BS4OCK22WG0AC03R3ALDY0LMH"',
227 silly registry.get     'content-type': 'application/json',
227 silly registry.get     'cache-control': 'max-age=60',
227 silly registry.get     'content-length': '30038',
227 silly registry.get     'accept-ranges': 'bytes',
227 silly registry.get     via: '1.1 varnish',
227 silly registry.get     age: '28',
227 silly registry.get     'x-served-by': 'cache-ty67-TYO',
227 silly registry.get     'x-cache': 'HIT',
227 silly registry.get     'x-cache-hits': '4',
227 silly registry.get     'x-timer': 'S1422839269.557001,VS0,VE0',
227 silly registry.get     vary: 'Accept',
227 silly registry.get     'keep-alive': 'timeout=10, max=50',
227 silly registry.get     connection: 'Keep-Alive' } ]
228 silly addNameRange number 2 { name: 'debug', range: '>=1.0.4-0 <1.1.0-0', hasData: true }
229 silly addNameRange versions [ 'debug',
229 silly addNameRange   [ '0.0.1',
229 silly addNameRange     '0.1.0',
229 silly addNameRange     '0.2.0',
229 silly addNameRange     '0.3.0',
229 silly addNameRange     '0.4.0',
229 silly addNameRange     '0.4.1',
229 silly addNameRange     '0.5.0',
229 silly addNameRange     '0.6.0',
229 silly addNameRange     '0.7.0',
229 silly addNameRange     '0.7.1',
229 silly addNameRange     '0.7.2',
229 silly addNameRange     '0.7.3',
229 silly addNameRange     '0.7.4',
229 silly addNameRange     '0.8.0',
229 silly addNameRange     '0.8.1',
229 silly addNameRange     '1.0.0',
229 silly addNameRange     '1.0.1',
229 silly addNameRange     '1.0.2',
229 silly addNameRange     '1.0.3',
229 silly addNameRange     '1.0.4',
229 silly addNameRange     '2.0.0',
229 silly addNameRange     '2.1.0',
229 silly addNameRange     '2.1.1' ] ]
230 verbose addNamed [ 'debug', '1.0.4' ]
231 verbose addNamed [ '1.0.4', '1.0.4' ]
232 silly lockFile 4b7cd263-debug-1-0-4 debug@1.0.4
233 verbose lock debug@1.0.4 /Users/jeffcao/.npm/4b7cd263-debug-1-0-4.lock
234 http 200 https://registry.npmjs.org/morgan
235 silly registry.get cb [ 200,
235 silly registry.get   { date: 'Mon, 02 Feb 2015 01:07:49 GMT',
235 silly registry.get     server: 'CouchDB/1.5.0 (Erlang OTP/R16B03)',
235 silly registry.get     etag: '"AVN7HSME1BM4Q2PR458NY9M89"',
235 silly registry.get     'content-type': 'application/json',
235 silly registry.get     'cache-control': 'max-age=60',
235 silly registry.get     'content-length': '33671',
235 silly registry.get     'accept-ranges': 'bytes',
235 silly registry.get     via: '1.1 varnish',
235 silly registry.get     age: '26',
235 silly registry.get     'x-served-by': 'cache-ty67-TYO',
235 silly registry.get     'x-cache': 'HIT',
235 silly registry.get     'x-cache-hits': '3',
235 silly registry.get     'x-timer': 'S1422839269.514347,VS0,VE0',
235 silly registry.get     vary: 'Accept',
235 silly registry.get     'keep-alive': 'timeout=10, max=50',
235 silly registry.get     connection: 'Keep-Alive' } ]
236 silly lockFile 9669d216--npmjs-org-debug-debug-1-0-4-tgz https://registry.npmjs.org/debug/-/debug-1.0.4.tgz
237 verbose lock https://registry.npmjs.org/debug/-/debug-1.0.4.tgz /Users/jeffcao/.npm/9669d216--npmjs-org-debug-debug-1-0-4-tgz.lock
238 verbose addRemoteTarball [ 'https://registry.npmjs.org/debug/-/debug-1.0.4.tgz',
238 verbose addRemoteTarball   '5b9c256bd54b6ec02283176fa8a0ede6d154cbf8' ]
239 silly addNameRange number 2 { name: 'morgan', range: '>=1.2.3-0 <1.3.0-0', hasData: true }
240 silly addNameRange versions [ 'morgan',
240 silly addNameRange   [ '1.0.0',
240 silly addNameRange     '1.0.1',
240 silly addNameRange     '1.1.0',
240 silly addNameRange     '1.1.1',
240 silly addNameRange     '1.2.0',
240 silly addNameRange     '1.2.1',
240 silly addNameRange     '1.2.2',
240 silly addNameRange     '1.2.3',
240 silly addNameRange     '1.3.0',
240 silly addNameRange     '1.3.1',
240 silly addNameRange     '1.3.2',
240 silly addNameRange     '1.4.0',
240 silly addNameRange     '1.4.1',
240 silly addNameRange     '1.5.0',
240 silly addNameRange     '1.5.1' ] ]
241 verbose addNamed [ 'morgan', '1.2.3' ]
242 verbose addNamed [ '1.2.3', '1.2.3' ]
243 silly lockFile 26ac1655-morgan-1-2-3 morgan@1.2.3
244 verbose lock morgan@1.2.3 /Users/jeffcao/.npm/26ac1655-morgan-1-2-3.lock
245 silly lockFile 02cdd02f-pmjs-org-morgan-morgan-1-2-3-tgz https://registry.npmjs.org/morgan/-/morgan-1.2.3.tgz
246 verbose lock https://registry.npmjs.org/morgan/-/morgan-1.2.3.tgz /Users/jeffcao/.npm/02cdd02f-pmjs-org-morgan-morgan-1-2-3-tgz.lock
247 info retry fetch attempt 1 at 09:07:49
248 verbose fetch to= /var/folders/xg/ny57r3411335mhgptmpvry3c0000gn/T/npm-1809-paIsWSWo/registry.npmjs.org/debug/-/debug-1.0.4.tgz
249 verbose addRemoteTarball [ 'https://registry.npmjs.org/morgan/-/morgan-1.2.3.tgz',
249 verbose addRemoteTarball   '3b0f1704df90255a542591abacd797891a8c40a1' ]
250 http GET https://registry.npmjs.org/debug/-/debug-1.0.4.tgz
251 info retry fetch attempt 1 at 09:07:49
252 verbose fetch to= /var/folders/xg/ny57r3411335mhgptmpvry3c0000gn/T/npm-1809-paIsWSWo/registry.npmjs.org/morgan/-/morgan-1.2.3.tgz
253 http GET https://registry.npmjs.org/morgan/-/morgan-1.2.3.tgz
254 http 200 https://registry.npmjs.org/serve-favicon
255 silly registry.get cb [ 200,
255 silly registry.get   { date: 'Mon, 02 Feb 2015 01:07:49 GMT',
255 silly registry.get     server: 'CouchDB/1.5.0 (Erlang OTP/R16B03)',
255 silly registry.get     etag: '"7FAQ93J251X9ROD816FMFP8KK"',
255 silly registry.get     'content-type': 'application/json',
255 silly registry.get     'cache-control': 'max-age=60',
255 silly registry.get     'content-length': '20446',
255 silly registry.get     'accept-ranges': 'bytes',
255 silly registry.get     via: '1.1 varnish',
255 silly registry.get     age: '26',
255 silly registry.get     'x-served-by': 'cache-ty67-TYO',
255 silly registry.get     'x-cache': 'HIT',
255 silly registry.get     'x-cache-hits': '3',
255 silly registry.get     'x-timer': 'S1422839269.892655,VS0,VE0',
255 silly registry.get     vary: 'Accept',
255 silly registry.get     'keep-alive': 'timeout=10, max=49',
255 silly registry.get     connection: 'Keep-Alive' } ]
256 silly addNameRange number 2 { name: 'serve-favicon',
256 silly addNameRange   range: '>=2.0.1-0 <2.1.0-0',
256 silly addNameRange   hasData: true }
257 silly addNameRange versions [ 'serve-favicon',
257 silly addNameRange   [ '2.0.0',
257 silly addNameRange     '2.0.1',
257 silly addNameRange     '2.1.0',
257 silly addNameRange     '2.1.1',
257 silly addNameRange     '2.1.2',
257 silly addNameRange     '2.1.3',
257 silly addNameRange     '2.1.4',
257 silly addNameRange     '2.1.5',
257 silly addNameRange     '2.1.6',
257 silly addNameRange     '2.1.7',
257 silly addNameRange     '2.2.0' ] ]
258 verbose addNamed [ 'serve-favicon', '2.0.1' ]
259 verbose addNamed [ '2.0.1', '2.0.1' ]
260 silly lockFile 27d61008-serve-favicon-2-0-1 serve-favicon@2.0.1
261 verbose lock serve-favicon@2.0.1 /Users/jeffcao/.npm/27d61008-serve-favicon-2-0-1.lock
262 silly lockFile d15886c4--favicon-serve-favicon-2-0-1-tgz https://registry.npmjs.org/serve-favicon/-/serve-favicon-2.0.1.tgz
263 verbose lock https://registry.npmjs.org/serve-favicon/-/serve-favicon-2.0.1.tgz /Users/jeffcao/.npm/d15886c4--favicon-serve-favicon-2-0-1-tgz.lock
264 verbose addRemoteTarball [ 'https://registry.npmjs.org/serve-favicon/-/serve-favicon-2.0.1.tgz',
264 verbose addRemoteTarball   '4826975d9f173ca3a4158e9698161f75dec7afec' ]
265 info retry fetch attempt 1 at 09:07:50
266 verbose fetch to= /var/folders/xg/ny57r3411335mhgptmpvry3c0000gn/T/npm-1809-paIsWSWo/registry.npmjs.org/serve-favicon/-/serve-favicon-2.0.1.tgz
267 http GET https://registry.npmjs.org/serve-favicon/-/serve-favicon-2.0.1.tgz
268 http 200 https://registry.npmjs.org/morgan/-/morgan-1.2.3.tgz
269 http 200 https://registry.npmjs.org/debug/-/debug-1.0.4.tgz
270 silly lockFile 9669d216--npmjs-org-debug-debug-1-0-4-tgz https://registry.npmjs.org/debug/-/debug-1.0.4.tgz
271 silly lockFile 9669d216--npmjs-org-debug-debug-1-0-4-tgz https://registry.npmjs.org/debug/-/debug-1.0.4.tgz
272 silly lockFile 4b7cd263-debug-1-0-4 debug@1.0.4
273 silly lockFile 4b7cd263-debug-1-0-4 debug@1.0.4
274 silly lockFile 0bd7c3a1-debug-1-0-4 debug@~1.0.4
275 silly lockFile 0bd7c3a1-debug-1-0-4 debug@~1.0.4
276 http 200 https://registry.npmjs.org/body-parser
277 silly registry.get cb [ 200,
277 silly registry.get   { date: 'Mon, 02 Feb 2015 01:07:49 GMT',
277 silly registry.get     server: 'CouchDB/1.5.0 (Erlang OTP/R16B03)',
277 silly registry.get     etag: '"3HS7E1CIWPCUGCS7FBY4EXW81"',
277 silly registry.get     'content-type': 'application/json',
277 silly registry.get     'cache-control': 'max-age=60',
277 silly registry.get     'content-length': '81830',
277 silly registry.get     'accept-ranges': 'bytes',
277 silly registry.get     via: '1.1 varnish',
277 silly registry.get     age: '27',
277 silly registry.get     'x-served-by': 'cache-ty68-TYO',
277 silly registry.get     'x-cache': 'HIT',
277 silly registry.get     'x-cache-hits': '2',
277 silly registry.get     'x-timer': 'S1422839269.559624,VS0,VE0',
277 silly registry.get     vary: 'Accept',
277 silly registry.get     'keep-alive': 'timeout=10, max=50',
277 silly registry.get     connection: 'Keep-Alive' } ]
278 silly addNameRange number 2 { name: 'body-parser',
278 silly addNameRange   range: '>=1.6.6-0 <1.7.0-0',
278 silly addNameRange   hasData: true }
279 silly addNameRange versions [ 'body-parser',
279 silly addNameRange   [ '1.0.0',
279 silly addNameRange     '1.0.1',
279 silly addNameRange     '1.0.2',
279 silly addNameRange     '1.1.0',
279 silly addNameRange     '1.1.1',
279 silly addNameRange     '1.1.2',
279 silly addNameRange     '1.2.0',
279 silly addNameRange     '1.2.1',
279 silly addNameRange     '1.2.2',
279 silly addNameRange     '1.3.0',
279 silly addNameRange     '1.3.1',
279 silly addNameRange     '1.4.0',
279 silly addNameRange     '1.4.1',
279 silly addNameRange     '1.4.2',
279 silly addNameRange     '1.4.3',
279 silly addNameRange     '1.5.0',
279 silly addNameRange     '1.5.1',
279 silly addNameRange     '1.5.2',
279 silly addNameRange     '1.6.0',
279 silly addNameRange     '1.6.1',
279 silly addNameRange     '1.6.2',
279 silly addNameRange     '1.6.3',
279 silly addNameRange     '1.6.4',
279 silly addNameRange     '1.6.5',
279 silly addNameRange     '1.6.6',
279 silly addNameRange     '1.6.7',
279 silly addNameRange     '1.7.0',
279 silly addNameRange     '1.8.0',
279 silly addNameRange     '1.8.1',
279 silly addNameRange     '1.8.2',
279 silly addNameRange     '1.8.3',
279 silly addNameRange     '1.8.4',
279 silly addNameRange     '1.9.0',
279 silly addNameRange     '1.9.1',
279 silly addNameRange     '1.9.2',
279 silly addNameRange     '1.9.3',
279 silly addNameRange     '1.10.0',
279 silly addNameRange     '1.10.1',
279 silly addNameRange     '1.10.2',
279 silly addNameRange     '1.11.0' ] ]
280 verbose addNamed [ 'body-parser', '1.6.7' ]
281 verbose addNamed [ '1.6.7', '1.6.7' ]
282 silly lockFile d5963813-body-parser-1-6-7 body-parser@1.6.7
283 verbose lock body-parser@1.6.7 /Users/jeffcao/.npm/d5963813-body-parser-1-6-7.lock
284 silly lockFile d51b7ea5-ody-parser-body-parser-1-6-7-tgz https://registry.npmjs.org/body-parser/-/body-parser-1.6.7.tgz
285 verbose lock https://registry.npmjs.org/body-parser/-/body-parser-1.6.7.tgz /Users/jeffcao/.npm/d51b7ea5-ody-parser-body-parser-1-6-7-tgz.lock
286 verbose addRemoteTarball [ 'https://registry.npmjs.org/body-parser/-/body-parser-1.6.7.tgz',
286 verbose addRemoteTarball   '82306becadf44543e826b3907eae93f0237c4e5c' ]
287 info retry fetch attempt 1 at 09:07:50
288 verbose fetch to= /var/folders/xg/ny57r3411335mhgptmpvry3c0000gn/T/npm-1809-paIsWSWo/registry.npmjs.org/body-parser/-/body-parser-1.6.7.tgz
289 http GET https://registry.npmjs.org/body-parser/-/body-parser-1.6.7.tgz
290 http 200 https://registry.npmjs.org/serve-favicon/-/serve-favicon-2.0.1.tgz
291 silly lockFile d15886c4--favicon-serve-favicon-2-0-1-tgz https://registry.npmjs.org/serve-favicon/-/serve-favicon-2.0.1.tgz
292 silly lockFile d15886c4--favicon-serve-favicon-2-0-1-tgz https://registry.npmjs.org/serve-favicon/-/serve-favicon-2.0.1.tgz
293 silly lockFile 27d61008-serve-favicon-2-0-1 serve-favicon@2.0.1
294 silly lockFile 27d61008-serve-favicon-2-0-1 serve-favicon@2.0.1
295 silly lockFile a1edf148-serve-favicon-2-0-1 serve-favicon@~2.0.1
296 silly lockFile a1edf148-serve-favicon-2-0-1 serve-favicon@~2.0.1
297 silly lockFile 02cdd02f-pmjs-org-morgan-morgan-1-2-3-tgz https://registry.npmjs.org/morgan/-/morgan-1.2.3.tgz
298 silly lockFile 02cdd02f-pmjs-org-morgan-morgan-1-2-3-tgz https://registry.npmjs.org/morgan/-/morgan-1.2.3.tgz
299 silly lockFile 26ac1655-morgan-1-2-3 morgan@1.2.3
300 silly lockFile 26ac1655-morgan-1-2-3 morgan@1.2.3
301 silly lockFile ba6a8389-morgan-1-2-3 morgan@~1.2.3
302 silly lockFile ba6a8389-morgan-1-2-3 morgan@~1.2.3
303 http 200 https://registry.npmjs.org/mongoose-q
304 silly registry.get cb [ 200,
304 silly registry.get   { date: 'Mon, 02 Feb 2015 01:07:50 GMT',
304 silly registry.get     server: 'CouchDB/1.6.1 (Erlang OTP/R14B04)',
304 silly registry.get     etag: '"BWRAGTMWK6ENR49ZDJ6NH8IMM"',
304 silly registry.get     'content-type': 'application/json',
304 silly registry.get     'cache-control': 'max-age=60',
304 silly registry.get     'content-length': '16636',
304 silly registry.get     'accept-ranges': 'bytes',
304 silly registry.get     via: '1.1 varnish',
304 silly registry.get     age: '0',
304 silly registry.get     'x-served-by': 'cache-ty67-TYO',
304 silly registry.get     'x-cache': 'MISS',
304 silly registry.get     'x-cache-hits': '0',
304 silly registry.get     'x-timer': 'S1422839270.052921,VS0,VE381',
304 silly registry.get     vary: 'Accept',
304 silly registry.get     'keep-alive': 'timeout=10, max=48',
304 silly registry.get     connection: 'Keep-Alive' } ]
305 silly addNameRange number 2 { name: 'mongoose-q', range: '*', hasData: true }
306 silly addNameRange versions [ 'mongoose-q',
306 silly addNameRange   [ '0.0.1',
306 silly addNameRange     '0.0.2',
306 silly addNameRange     '0.0.3',
306 silly addNameRange     '0.0.4',
306 silly addNameRange     '0.0.6',
306 silly addNameRange     '0.0.7',
306 silly addNameRange     '0.0.8',
306 silly addNameRange     '0.0.9',
306 silly addNameRange     '0.0.10',
306 silly addNameRange     '0.0.11',
306 silly addNameRange     '0.0.12',
306 silly addNameRange     '0.0.13' ] ]
307 verbose addNamed [ 'mongoose-q', '0.0.13' ]
308 verbose addNamed [ '0.0.13', '0.0.13' ]
309 silly lockFile a5bb63f5-mongoose-q-0-0-13 mongoose-q@0.0.13
310 verbose lock mongoose-q@0.0.13 /Users/jeffcao/.npm/a5bb63f5-mongoose-q-0-0-13.lock
311 silly lockFile cf6afe4d-mongoose-q-mongoose-q-0-0-13-tgz https://registry.npmjs.org/mongoose-q/-/mongoose-q-0.0.13.tgz
312 verbose lock https://registry.npmjs.org/mongoose-q/-/mongoose-q-0.0.13.tgz /Users/jeffcao/.npm/cf6afe4d-mongoose-q-mongoose-q-0-0-13-tgz.lock
313 verbose addRemoteTarball [ 'https://registry.npmjs.org/mongoose-q/-/mongoose-q-0.0.13.tgz',
313 verbose addRemoteTarball   'd3cec32c6c06c7e8f4fe0f19cb25dfb263a91180' ]
314 info retry fetch attempt 1 at 09:07:50
315 verbose fetch to= /var/folders/xg/ny57r3411335mhgptmpvry3c0000gn/T/npm-1809-paIsWSWo/registry.npmjs.org/mongoose-q/-/mongoose-q-0.0.13.tgz
316 http GET https://registry.npmjs.org/mongoose-q/-/mongoose-q-0.0.13.tgz
317 http 200 https://registry.npmjs.org/cookie-parser
318 silly registry.get cb [ 200,
318 silly registry.get   { date: 'Mon, 02 Feb 2015 01:07:50 GMT',
318 silly registry.get     server: 'CouchDB/1.5.0 (Erlang OTP/R16B03)',
318 silly registry.get     etag: '"7M1D5JZ43UUP81OOF0DEMZ93Z"',
318 silly registry.get     'content-type': 'application/json',
318 silly registry.get     'cache-control': 'max-age=60',
318 silly registry.get     'content-length': '14268',
318 silly registry.get     'accept-ranges': 'bytes',
318 silly registry.get     via: '1.1 varnish',
318 silly registry.get     age: '28',
318 silly registry.get     'x-served-by': 'cache-ty68-TYO',
318 silly registry.get     'x-cache': 'HIT',
318 silly registry.get     'x-cache-hits': '2',
318 silly registry.get     'x-timer': 'S1422839270.622521,VS0,VE0',
318 silly registry.get     vary: 'Accept',
318 silly registry.get     'keep-alive': 'timeout=10, max=50',
318 silly registry.get     connection: 'Keep-Alive' } ]
319 silly addNameRange number 2 { name: 'cookie-parser',
319 silly addNameRange   range: '>=1.3.2-0 <1.4.0-0',
319 silly addNameRange   hasData: true }
320 silly addNameRange versions [ 'cookie-parser',
320 silly addNameRange   [ '1.0.0',
320 silly addNameRange     '1.0.1',
320 silly addNameRange     '1.1.0',
320 silly addNameRange     '1.2.0',
320 silly addNameRange     '1.3.0',
320 silly addNameRange     '1.3.1',
320 silly addNameRange     '1.3.2',
320 silly addNameRange     '1.3.3' ] ]
321 verbose addNamed [ 'cookie-parser', '1.3.3' ]
322 verbose addNamed [ '1.3.3', '1.3.3' ]
323 silly lockFile 68450bd4-cookie-parser-1-3-3 cookie-parser@1.3.3
324 verbose lock cookie-parser@1.3.3 /Users/jeffcao/.npm/68450bd4-cookie-parser-1-3-3.lock
325 silly lockFile 864e7377-e-parser-cookie-parser-1-3-3-tgz https://registry.npmjs.org/cookie-parser/-/cookie-parser-1.3.3.tgz
326 verbose lock https://registry.npmjs.org/cookie-parser/-/cookie-parser-1.3.3.tgz /Users/jeffcao/.npm/864e7377-e-parser-cookie-parser-1-3-3-tgz.lock
327 verbose addRemoteTarball [ 'https://registry.npmjs.org/cookie-parser/-/cookie-parser-1.3.3.tgz',
327 verbose addRemoteTarball   '7e3a2c745f4b460d5a340e578a0baa5d7725fe37' ]
328 info retry fetch attempt 1 at 09:07:51
329 verbose fetch to= /var/folders/xg/ny57r3411335mhgptmpvry3c0000gn/T/npm-1809-paIsWSWo/registry.npmjs.org/cookie-parser/-/cookie-parser-1.3.3.tgz
330 http GET https://registry.npmjs.org/cookie-parser/-/cookie-parser-1.3.3.tgz
331 http 200 https://registry.npmjs.org/mongoose
332 silly registry.get cb [ 200,
332 silly registry.get   { date: 'Mon, 02 Feb 2015 01:07:49 GMT',
332 silly registry.get     server: 'CouchDB/1.5.0 (Erlang OTP/R16B03)',
332 silly registry.get     etag: '"9H4468NYXOOH85VC1HYZ5K6YD"',
332 silly registry.get     'content-type': 'application/json',
332 silly registry.get     'cache-control': 'max-age=60',
332 silly registry.get     'content-length': '292566',
332 silly registry.get     'accept-ranges': 'bytes',
332 silly registry.get     via: '1.1 varnish',
332 silly registry.get     age: '22',
332 silly registry.get     'x-served-by': 'cache-ty67-TYO',
332 silly registry.get     'x-cache': 'HIT',
332 silly registry.get     'x-cache-hits': '2',
332 silly registry.get     'x-timer': 'S1422839269.872283,VS0,VE0',
332 silly registry.get     vary: 'Accept',
332 silly registry.get     'keep-alive': 'timeout=10, max=49',
332 silly registry.get     connection: 'Keep-Alive' } ]
333 silly addNameRange number 2 { name: 'mongoose', range: '>=3.0.0-0 <4.0.0-0', hasData: true }
334 silly addNameRange versions [ 'mongoose',
334 silly addNameRange   [ '0.0.1',
334 silly addNameRange     '0.0.2',
334 silly addNameRange     '0.0.3',
334 silly addNameRange     '0.0.4',
334 silly addNameRange     '0.0.5',
334 silly addNameRange     '1.0.0',
334 silly addNameRange     '1.0.1',
334 silly addNameRange     '1.0.2',
334 silly addNameRange     '0.0.6',
334 silly addNameRange     '1.0.3',
334 silly addNameRange     '1.0.4',
334 silly addNameRange     '1.0.5',
334 silly addNameRange     '1.0.6',
334 silly addNameRange     '1.0.7',
334 silly addNameRange     '1.0.8',
334 silly addNameRange     '1.0.10',
334 silly addNameRange     '1.0.11',
334 silly addNameRange     '1.0.12',
334 silly addNameRange     '1.0.13',
334 silly addNameRange     '1.0.14',
334 silly addNameRange     '1.0.15',
334 silly addNameRange     '1.0.16',
334 silly addNameRange     '1.1.0',
334 silly addNameRange     '1.1.1',
334 silly addNameRange     '1.1.2',
334 silly addNameRange     '1.1.3',
334 silly addNameRange     '1.1.4',
334 silly addNameRange     '1.1.5',
334 silly addNameRange     '1.1.6',
334 silly addNameRange     '1.1.7',
334 silly addNameRange     '1.1.8',
334 silly addNameRange     '1.1.9',
334 silly addNameRange     '1.1.10',
334 silly addNameRange     '1.1.11',
334 silly addNameRange     '1.1.12',
334 silly addNameRange     '1.1.13',
334 silly addNameRange     '1.1.14',
334 silly addNameRange     '1.1.15',
334 silly addNameRange     '1.1.16',
334 silly addNameRange     '1.1.17',
334 silly addNameRange     '1.1.18',
334 silly addNameRange     '1.1.19',
334 silly addNameRange     '1.1.20',
334 silly addNameRange     '1.1.21',
334 silly addNameRange     '1.1.22',
334 silly addNameRange     '1.1.23',
334 silly addNameRange     '1.1.24',
334 silly addNameRange     '1.1.25',
334 silly addNameRange     '1.2.0',
334 silly addNameRange     '1.3.0',
334 silly addNameRange     '1.3.1',
334 silly addNameRange     '1.3.2',
334 silly addNameRange     '1.3.3',
334 silly addNameRange     '1.3.4',
334 silly addNameRange     '1.3.5',
334 silly addNameRange     '1.3.6',
334 silly addNameRange     '1.3.7',
334 silly addNameRange     '1.4.0',
334 silly addNameRange     '1.5.0',
334 silly addNameRange     '1.6.0',
334 silly addNameRange     '1.7.2',
334 silly addNameRange     '1.7.3',
334 silly addNameRange     '1.7.4',
334 silly addNameRange     '1.8.0',
334 silly addNameRange     '1.8.1',
334 silly addNameRange     '1.8.2',
334 silly addNameRange     '1.8.3',
334 silly addNameRange     '1.8.4',
334 silly addNameRange     '2.0.0',
334 silly addNameRange     '2.0.1',
334 silly addNameRange     '2.0.2',
334 silly addNameRange     '2.0.3',
334 silly addNameRange     '2.0.4',
334 silly addNameRange     '2.1.0',
334 silly addNameRange     '2.1.1',
334 silly addNameRange     '2.1.2',
334 silly addNameRange     '2.1.3',
334 silly addNameRange     '2.1.4',
334 silly addNameRange     '2.2.0',
334 silly addNameRange     '2.2.1',
334 silly addNameRange     '2.2.2',
334 silly addNameRange     '2.2.3',
334 silly addNameRange     '2.2.4',
334 silly addNameRange     '2.3.0',
334 silly addNameRange     '2.3.1',
334 silly addNameRange     '2.3.2',
334 silly addNameRange     '2.3.3',
334 silly addNameRange     '2.3.4',
334 silly addNameRange     '2.3.5',
334 silly addNameRange     '2.3.6',
334 silly addNameRange     '2.3.7',
334 silly addNameRange     '2.3.8',
334 silly addNameRange     '2.3.9',
334 silly addNameRange     '2.3.10',
334 silly addNameRange     '2.3.11',
334 silly addNameRange     '2.3.12',
334 silly addNameRange     '2.3.13',
334 silly addNameRange     '2.4.0',
334 silly addNameRange     '2.4.1',
334 silly addNameRange     '2.4.2',
334 silly addNameRange     '2.4.3',
334 silly addNameRange     '2.4.4',
334 silly addNameRange     '2.4.5',
334 silly addNameRange     '2.4.6',
334 silly addNameRange     '2.4.7',
334 silly addNameRange     '2.4.8',
334 silly addNameRange     '2.4.9',
334 silly addNameRange     '2.4.10',
334 silly addNameRange     '2.5.0',
334 silly addNameRange     '2.5.1',
334 silly addNameRange     '2.5.2',
334 silly addNameRange     '2.5.3',
334 silly addNameRange     '2.5.4',
334 silly addNameRange     '2.5.5',
334 silly addNameRange     '2.5.6',
334 silly addNameRange     '2.5.7',
334 silly addNameRange     '2.5.8',
334 silly addNameRange     '2.5.9',
334 silly addNameRange     '2.5.10',
334 silly addNameRange     '2.5.11',
334 silly addNameRange     '2.5.12',
334 silly addNameRange     '2.5.13',
334 silly addNameRange     '2.5.14',
334 silly addNameRange     '2.6.0',
334 silly addNameRange     '2.6.1',
334 silly addNameRange     '2.6.2',
334 silly addNameRange     '2.6.3',
334 silly addNameRange     '2.6.4',
334 silly addNameRange     '2.6.5',
334 silly addNameRange     '2.6.6',
334 silly addNameRange     '2.6.7',
334 silly addNameRange     '2.6.8',
334 silly addNameRange     '2.7.0',
334 silly addNameRange     '2.7.1',
334 silly addNameRange     '2.7.2',
334 silly addNameRange     '2.7.4',
334 silly addNameRange     '2.7.3',
334 silly addNameRange     '3.0.0',
334 silly addNameRange     '3.0.1',
334 silly addNameRange     '3.0.2',
334 silly addNameRange     '2.8.0',
334 silly addNameRange     '3.0.3',
334 silly addNameRange     '3.1.0',
334 silly addNameRange     '2.8.1',
334 silly addNameRange     '3.1.1',
334 silly addNameRange     '2.8.2',
334 silly addNameRange     '2.8.3',
334 silly addNameRange     '2.9.0',
334 silly addNameRange     '3.2.0',
334 silly addNameRange     '2.9.1',
334 silly addNameRange     '3.2.1',
334 silly addNameRange     '2.9.2',
334 silly addNameRange     '3.2.2',
334 silly addNameRange     '3.3.0',
334 silly addNameRange     '3.3.1',
334 silly addNameRange     '2.9.3',
334 silly addNameRange     '3.4.0',
334 silly addNameRange     '2.9.4',
334 silly addNameRange     '2.9.5',
334 silly addNameRange     '3.5.0',
334 silly addNameRange     '3.5.1',
334 silly addNameRange     '3.5.2',
334 silly addNameRange     '3.5.3',
334 silly addNameRange     '2.9.6',
334 silly addNameRange     '2.9.7',
334 silly addNameRange     '3.5.4',
334 silly addNameRange     '3.5.5',
334 silly addNameRange     '2.9.8',
334 silly addNameRange     '2.9.9',
334 silly addNameRange     '3.5.6',
334 silly addNameRange     '3.5.7',
334 silly addNameRange     '3.5.8',
334 silly addNameRange     '2.9.10',
334 silly addNameRange     '3.5.9',
334 silly addNameRange     '3.6.2',
334 silly addNameRange     '3.5.10',
334 silly addNameRange     '3.6.3',
334 silly addNameRange     '3.5.11',
334 silly addNameRange     '3.6.4',
334 silly addNameRange     '3.6.5',
334 silly addNameRange     '3.6.6',
334 silly addNameRange     '3.6.7',
334 silly addNameRange     '3.5.12',
334 silly addNameRange     '3.6.8',
334 silly addNameRange     '3.6.9',
334 silly addNameRange     '3.6.10',
334 silly addNameRange     '3.5.13',
334 silly addNameRange     '3.5.14',
334 silly addNameRange     '3.6.11',
334 silly addNameRange     '3.6.12',
334 silly addNameRange     '3.6.13',
334 silly addNameRange     '3.6.14',
334 silly addNameRange     '3.6.15',
334 silly addNameRange     '3.5.15',
334 silly addNameRange     '3.7.0',
334 silly addNameRange     '3.6.16',
334 silly addNameRange     '3.5.16',
334 silly addNameRange     '3.6.17',
334 silly addNameRange     '3.7.2',
334 silly addNameRange     '3.0.0-alpha1',
334 silly addNameRange     '3.0.0-alpha2',
334 silly addNameRange     '3.0.0-rc0',
334 silly addNameRange     '3.6.0-rc0',
334 silly addNameRange     '3.6.0-rc1',
334 silly addNameRange     '3.6.18',
334 silly addNameRange     '3.7.3',
334 silly addNameRange     '3.6.19',
334 silly addNameRange     '3.6.20',
334 silly addNameRange     '3.7.4',
334 silly addNameRange     '3.8.0',
334 silly addNameRange     '3.8.1',
334 silly addNameRange     '3.8.2',
334 silly addNameRange     '3.8.3',
334 silly addNameRange     '3.8.4',
334 silly addNameRange     '3.8.5',
334 silly addNameRange     '3.8.6',
334 silly addNameRange     '3.8.7',
334 silly addNameRange     '3.8.8',
334 silly addNameRange     '3.8.9',
334 silly addNameRange     '3.8.10',
334 silly addNameRange     '3.8.11',
334 silly addNameRange     '3.9.0',
334 silly addNameRange     '3.8.12',
334 silly addNameRange     '3.8.13',
334 silly addNameRange     '3.8.14',
334 silly addNameRange     '3.8.15',
334 silly addNameRange     '3.9.1',
334 silly addNameRange     '3.8.16',
334 silly addNameRange     '3.9.2',
334 silly addNameRange     '3.8.17',
334 silly addNameRange     '3.9.3',
334 silly addNameRange     '3.8.18',
334 silly addNameRange     '3.9.4',
334 silly addNameRange     '3.8.19',
334 silly addNameRange     '3.9.5',
334 silly addNameRange     '3.8.20',
334 silly addNameRange     '3.9.6',
334 silly addNameRange     '3.8.21',
334 silly addNameRange     '3.9.7',
334 silly addNameRange     '3.8.22',
334 silly addNameRange     '4.0.0-rc0',
334 silly addNameRange     '4.0.0-rc1' ] ]
335 verbose addNamed [ 'mongoose', '3.8.22' ]
336 verbose addNamed [ '3.8.22', '3.8.22' ]
337 silly lockFile 1574d450-mongoose-3-8-22 mongoose@3.8.22
338 verbose lock mongoose@3.8.22 /Users/jeffcao/.npm/1574d450-mongoose-3-8-22.lock
339 silly lockFile cefea14a-org-mongoose-mongoose-3-8-22-tgz https://registry.npmjs.org/mongoose/-/mongoose-3.8.22.tgz
340 verbose lock https://registry.npmjs.org/mongoose/-/mongoose-3.8.22.tgz /Users/jeffcao/.npm/cefea14a-org-mongoose-mongoose-3-8-22-tgz.lock
341 verbose addRemoteTarball [ 'https://registry.npmjs.org/mongoose/-/mongoose-3.8.22.tgz',
341 verbose addRemoteTarball   'e5f21eb1dac5532cdee15241dea50553267eb2e4' ]
342 info retry fetch attempt 1 at 09:07:51
343 verbose fetch to= /var/folders/xg/ny57r3411335mhgptmpvry3c0000gn/T/npm-1809-paIsWSWo/registry.npmjs.org/mongoose/-/mongoose-3.8.22.tgz
344 http GET https://registry.npmjs.org/mongoose/-/mongoose-3.8.22.tgz
345 http 200 https://registry.npmjs.org/body-parser/-/body-parser-1.6.7.tgz
346 silly lockFile d51b7ea5-ody-parser-body-parser-1-6-7-tgz https://registry.npmjs.org/body-parser/-/body-parser-1.6.7.tgz
347 silly lockFile d51b7ea5-ody-parser-body-parser-1-6-7-tgz https://registry.npmjs.org/body-parser/-/body-parser-1.6.7.tgz
348 silly lockFile d5963813-body-parser-1-6-7 body-parser@1.6.7
349 silly lockFile d5963813-body-parser-1-6-7 body-parser@1.6.7
350 silly lockFile 281ce4b4-body-parser-1-6-6 body-parser@~1.6.6
351 silly lockFile 281ce4b4-body-parser-1-6-6 body-parser@~1.6.6
352 http 200 https://registry.npmjs.org/node-uuid
353 silly registry.get cb [ 200,
353 silly registry.get   { date: 'Mon, 02 Feb 2015 01:07:51 GMT',
353 silly registry.get     server: 'CouchDB/1.5.0 (Erlang OTP/R16B03)',
353 silly registry.get     etag: '"AF36M2ID5PKJE0SC0IL1HUYNU"',
353 silly registry.get     'content-type': 'application/json',
353 silly registry.get     'cache-control': 'max-age=60',
353 silly registry.get     'content-length': '18707',
353 silly registry.get     'accept-ranges': 'bytes',
353 silly registry.get     via: '1.1 varnish',
353 silly registry.get     age: '10',
353 silly registry.get     'x-served-by': 'cache-ty67-TYO',
353 silly registry.get     'x-cache': 'HIT',
353 silly registry.get     'x-cache-hits': '2',
353 silly registry.get     'x-timer': 'S1422839271.149669,VS0,VE0',
353 silly registry.get     vary: 'Accept',
353 silly registry.get     'keep-alive': 'timeout=10, max=48',
353 silly registry.get     connection: 'Keep-Alive' } ]
354 silly addNameRange number 2 { name: 'node-uuid', range: '*', hasData: true }
355 silly addNameRange versions [ 'node-uuid',
355 silly addNameRange   [ '1.2.0',
355 silly addNameRange     '1.3.0',
355 silly addNameRange     '1.3.1',
355 silly addNameRange     '1.3.2',
355 silly addNameRange     '1.1.0',
355 silly addNameRange     '1.0.0',
355 silly addNameRange     '1.3.3',
355 silly addNameRange     '1.4.0',
355 silly addNameRange     '1.4.1',
355 silly addNameRange     '1.4.2' ] ]
356 verbose addNamed [ 'node-uuid', '1.4.2' ]
357 verbose addNamed [ '1.4.2', '1.4.2' ]
358 silly lockFile 576d32ce-node-uuid-1-4-2 node-uuid@1.4.2
359 verbose lock node-uuid@1.4.2 /Users/jeffcao/.npm/576d32ce-node-uuid-1-4-2.lock
360 silly lockFile eaa5c97d-rg-node-uuid-node-uuid-1-4-2-tgz https://registry.npmjs.org/node-uuid/-/node-uuid-1.4.2.tgz
361 verbose lock https://registry.npmjs.org/node-uuid/-/node-uuid-1.4.2.tgz /Users/jeffcao/.npm/eaa5c97d-rg-node-uuid-node-uuid-1-4-2-tgz.lock
362 verbose addRemoteTarball [ 'https://registry.npmjs.org/node-uuid/-/node-uuid-1.4.2.tgz',
362 verbose addRemoteTarball   '907db3d11b7b6a2cf4f905fb7199f14ae7379ba0' ]
363 info retry fetch attempt 1 at 09:07:51
364 verbose fetch to= /var/folders/xg/ny57r3411335mhgptmpvry3c0000gn/T/npm-1809-paIsWSWo/registry.npmjs.org/node-uuid/-/node-uuid-1.4.2.tgz
365 http GET https://registry.npmjs.org/node-uuid/-/node-uuid-1.4.2.tgz
366 http 200 https://registry.npmjs.org/cookie-parser/-/cookie-parser-1.3.3.tgz
367 silly lockFile 864e7377-e-parser-cookie-parser-1-3-3-tgz https://registry.npmjs.org/cookie-parser/-/cookie-parser-1.3.3.tgz
368 silly lockFile 864e7377-e-parser-cookie-parser-1-3-3-tgz https://registry.npmjs.org/cookie-parser/-/cookie-parser-1.3.3.tgz
369 silly lockFile 68450bd4-cookie-parser-1-3-3 cookie-parser@1.3.3
370 silly lockFile 68450bd4-cookie-parser-1-3-3 cookie-parser@1.3.3
371 silly lockFile 2f01d9c0-cookie-parser-1-3-2 cookie-parser@~1.3.2
372 silly lockFile 2f01d9c0-cookie-parser-1-3-2 cookie-parser@~1.3.2
373 http 200 https://registry.npmjs.org/mongoose/-/mongoose-3.8.22.tgz
374 http 200 https://registry.npmjs.org/jade
375 silly registry.get cb [ 200,
375 silly registry.get   { date: 'Mon, 02 Feb 2015 01:07:50 GMT',
375 silly registry.get     server: 'CouchDB/1.5.0 (Erlang OTP/R16B03)',
375 silly registry.get     etag: '"3ICLDY2ZNECP1KFUSZMV6PYOC"',
375 silly registry.get     'content-type': 'application/json',
375 silly registry.get     'cache-control': 'max-age=60',
375 silly registry.get     'content-length': '139269',
375 silly registry.get     'accept-ranges': 'bytes',
375 silly registry.get     via: '1.1 varnish',
375 silly registry.get     age: '0',
375 silly registry.get     'x-served-by': 'cache-ty68-TYO',
375 silly registry.get     'x-cache': 'HIT',
375 silly registry.get     'x-cache-hits': '1',
375 silly registry.get     'x-timer': 'S1422839270.051750,VS0,VE179',
375 silly registry.get     vary: 'Accept',
375 silly registry.get     'keep-alive': 'timeout=10, max=50',
375 silly registry.get     connection: 'Keep-Alive' } ]
376 silly addNameRange number 2 { name: 'jade', range: '>=1.5.0-0 <1.6.0-0', hasData: true }
377 silly addNameRange versions [ 'jade',
377 silly addNameRange   [ '0.0.1',
377 silly addNameRange     '0.0.2',
377 silly addNameRange     '0.1.0',
377 silly addNameRange     '0.2.0',
377 silly addNameRange     '0.2.1',
377 silly addNameRange     '0.2.2',
377 silly addNameRange     '0.2.3',
377 silly addNameRange     '0.2.4',
377 silly addNameRange     '0.3.0',
377 silly addNameRange     '0.4.0',
377 silly addNameRange     '0.4.1',
377 silly addNameRange     '0.5.0',
377 silly addNameRange     '0.5.1',
377 silly addNameRange     '0.5.2',
377 silly addNameRange     '0.5.3',
377 silly addNameRange     '0.5.4',
377 silly addNameRange     '0.5.5',
377 silly addNameRange     '0.5.6',
377 silly addNameRange     '0.5.7',
377 silly addNameRange     '0.6.0',
377 silly addNameRange     '0.6.1',
377 silly addNameRange     '0.6.3',
377 silly addNameRange     '0.7.0',
377 silly addNameRange     '0.7.1',
377 silly addNameRange     '0.8.0',
377 silly addNameRange     '0.8.1',
377 silly addNameRange     '0.8.2',
377 silly addNameRange     '0.8.3',
377 silly addNameRange     '0.8.4',
377 silly addNameRange     '0.8.5',
377 silly addNameRange     '0.8.6',
377 silly addNameRange     '0.8.7',
377 silly addNameRange     '0.8.8',
377 silly addNameRange     '0.8.9',
377 silly addNameRange     '0.9.0',
377 silly addNameRange     '0.9.1',
377 silly addNameRange     '0.9.2',
377 silly addNameRange     '0.9.3',
377 silly addNameRange     '0.10.0',
377 silly addNameRange     '0.10.1',
377 silly addNameRange     '0.10.2',
377 silly addNameRange     '0.10.3',
377 silly addNameRange     '0.10.4',
377 silly addNameRange     '0.10.5',
377 silly addNameRange     '0.10.6',
377 silly addNameRange     '0.10.7',
377 silly addNameRange     '0.11.0',
377 silly addNameRange     '0.11.1',
377 silly addNameRange     '0.12.0',
377 silly addNameRange     '0.12.1',
377 silly addNameRange     '0.12.2',
377 silly addNameRange     '0.12.3',
377 silly addNameRange     '0.12.4',
377 silly addNameRange     '0.13.0',
377 silly addNameRange     '0.14.0',
377 silly addNameRange     '0.14.1',
377 silly addNameRange     '0.14.2',
377 silly addNameRange     '0.15.0',
377 silly addNameRange     '0.15.1',
377 silly addNameRange     '0.15.2',
377 silly addNameRange     '0.15.3',
377 silly addNameRange     '0.15.4',
377 silly addNameRange     '0.16.0',
377 silly addNameRange     '0.16.1',
377 silly addNameRange     '0.16.2',
377 silly addNameRange     '0.16.3',
377 silly addNameRange     '0.16.4',
377 silly addNameRange     '0.17.0',
377 silly addNameRange     '0.18.0',
377 silly addNameRange     '0.19.0',
377 silly addNameRange     '0.20.0',
377 silly addNameRange     '0.20.1',
377 silly addNameRange     '0.20.2',
377 silly addNameRange     '0.20.3',
377 silly addNameRange     '0.21.0',
377 silly addNameRange     '0.22.0',
377 silly addNameRange     '0.22.1',
377 silly addNameRange     '0.23.0',
377 silly addNameRange     '0.24.0',
377 silly addNameRange     '0.25.0',
377 silly addNameRange     '0.26.0',
377 silly addNameRange     '0.26.1',
377 silly addNameRange     '0.26.2',
377 silly addNameRange     '0.26.3',
377 silly addNameRange     '0.27.0',
377 silly addNameRange     '0.27.1',
377 silly addNameRange     '0.27.2',
377 silly addNameRange     '0.27.3',
377 silly addNameRange     '0.27.4',
377 silly addNameRange     '0.27.5',
377 silly addNameRange     '0.27.6',
377 silly addNameRange     '0.27.7',
377 silly addNameRange     '0.28.0',
377 silly addNameRange     '0.28.1',
377 silly addNameRange     '0.28.2',
377 silly addNameRange     '0.29.0',
377 silly addNameRange     '0.30.0',
377 silly addNameRange     '0.31.0',
377 silly addNameRange     '0.31.1',
377 silly addNameRange     '0.31.2',
377 silly addNameRange     '0.32.0',
377 silly addNameRange     '0.33.0',
377 silly addNameRange     '0.34.0',
377 silly addNameRange     '0.34.1',
377 silly addNameRange     '0.35.0',
377 silly addNameRange     '1.0.0',
377 silly addNameRange     '1.0.1',
377 silly addNameRange     '1.0.2',
377 silly addNameRange     '1.1.0',
377 silly addNameRange     '1.1.1',
377 silly addNameRange     '1.1.2',
377 silly addNameRange     '1.1.3',
377 silly addNameRange     '1.1.4',
377 silly addNameRange     '1.1.5',
377 silly addNameRange     '1.2.0',
377 silly addNameRange     '1.3.0',
377 silly addNameRange     '1.3.1',
377 silly addNameRange     '1.4.0',
377 silly addNameRange     '1.4.1',
377 silly addNameRange     '1.4.2',
377 silly addNameRange     '1.5.0',
377 silly addNameRange     '1.6.0',
377 silly addNameRange     '1.7.0',
377 silly addNameRange     '1.8.0',
377 silly addNameRange     '1.8.1',
377 silly addNameRange     '1.8.2',
377 silly addNameRange     '1.9.0',
377 silly addNameRange     '1.9.1' ] ]
378 verbose addNamed [ 'jade', '1.5.0' ]
379 verbose addNamed [ '1.5.0', '1.5.0' ]
380 silly lockFile 3d6645a0-jade-1-5-0 jade@1.5.0
381 verbose lock jade@1.5.0 /Users/jeffcao/.npm/3d6645a0-jade-1-5-0.lock
382 silly lockFile 45ed23aa-ry-npmjs-org-jade-jade-1-5-0-tgz https://registry.npmjs.org/jade/-/jade-1.5.0.tgz
383 verbose lock https://registry.npmjs.org/jade/-/jade-1.5.0.tgz /Users/jeffcao/.npm/45ed23aa-ry-npmjs-org-jade-jade-1-5-0-tgz.lock
384 verbose addRemoteTarball [ 'https://registry.npmjs.org/jade/-/jade-1.5.0.tgz',
384 verbose addRemoteTarball   '74a93a5a290e11296c8b919b7a4d72301739b27e' ]
385 info retry fetch attempt 1 at 09:07:51
386 verbose fetch to= /var/folders/xg/ny57r3411335mhgptmpvry3c0000gn/T/npm-1809-paIsWSWo/registry.npmjs.org/jade/-/jade-1.5.0.tgz
387 http GET https://registry.npmjs.org/jade/-/jade-1.5.0.tgz
388 http 200 https://registry.npmjs.org/mongoose-q/-/mongoose-q-0.0.13.tgz
389 silly lockFile cf6afe4d-mongoose-q-mongoose-q-0-0-13-tgz https://registry.npmjs.org/mongoose-q/-/mongoose-q-0.0.13.tgz
390 silly lockFile cf6afe4d-mongoose-q-mongoose-q-0-0-13-tgz https://registry.npmjs.org/mongoose-q/-/mongoose-q-0.0.13.tgz
391 silly lockFile a5bb63f5-mongoose-q-0-0-13 mongoose-q@0.0.13
392 silly lockFile a5bb63f5-mongoose-q-0-0-13 mongoose-q@0.0.13
393 silly lockFile 57d85788-mongoose-q mongoose-q@*
394 silly lockFile 57d85788-mongoose-q mongoose-q@*
395 http 200 https://registry.npmjs.org/node-uuid/-/node-uuid-1.4.2.tgz
396 silly lockFile eaa5c97d-rg-node-uuid-node-uuid-1-4-2-tgz https://registry.npmjs.org/node-uuid/-/node-uuid-1.4.2.tgz
397 silly lockFile eaa5c97d-rg-node-uuid-node-uuid-1-4-2-tgz https://registry.npmjs.org/node-uuid/-/node-uuid-1.4.2.tgz
398 silly lockFile 576d32ce-node-uuid-1-4-2 node-uuid@1.4.2
399 silly lockFile 576d32ce-node-uuid-1-4-2 node-uuid@1.4.2
400 silly lockFile 31e1e91b-node-uuid node-uuid@*
401 silly lockFile 31e1e91b-node-uuid node-uuid@*
402 silly lockFile cefea14a-org-mongoose-mongoose-3-8-22-tgz https://registry.npmjs.org/mongoose/-/mongoose-3.8.22.tgz
403 silly lockFile cefea14a-org-mongoose-mongoose-3-8-22-tgz https://registry.npmjs.org/mongoose/-/mongoose-3.8.22.tgz
404 silly lockFile 1574d450-mongoose-3-8-22 mongoose@3.8.22
405 silly lockFile 1574d450-mongoose-3-8-22 mongoose@3.8.22
406 silly lockFile aa88cc95-mongoose-3-x mongoose@3.x
407 silly lockFile aa88cc95-mongoose-3-x mongoose@3.x
408 http 200 https://registry.npmjs.org/q
409 silly registry.get cb [ 200,
409 silly registry.get   { date: 'Mon, 02 Feb 2015 01:07:51 GMT',
409 silly registry.get     server: 'CouchDB/1.6.1 (Erlang OTP/R14B04)',
409 silly registry.get     etag: '"8Z9Y16RCZF03ZJ8MCJRN5F3YY"',
409 silly registry.get     'content-type': 'application/json',
409 silly registry.get     'cache-control': 'max-age=60',
409 silly registry.get     'content-length': '133676',
409 silly registry.get     'accept-ranges': 'bytes',
409 silly registry.get     via: '1.1 varnish',
409 silly registry.get     age: '20',
409 silly registry.get     'x-served-by': 'cache-ty68-TYO',
409 silly registry.get     'x-cache': 'HIT',
409 silly registry.get     'x-cache-hits': '2',
409 silly registry.get     'x-timer': 'S1422839271.111368,VS0,VE0',
409 silly registry.get     vary: 'Accept',
409 silly registry.get     'keep-alive': 'timeout=10, max=49',
409 silly registry.get     connection: 'Keep-Alive' } ]
410 silly addNameRange number 2 { name: 'q', range: '*', hasData: true }
411 silly addNameRange versions [ 'q',
411 silly addNameRange   [ '0.0.0',
411 silly addNameRange     '0.0.1',
411 silly addNameRange     '0.0.2',
411 silly addNameRange     '0.0.3',
411 silly addNameRange     '0.1.0',
411 silly addNameRange     '0.1.1',
411 silly addNameRange     '0.1.2',
411 silly addNameRange     '0.1.3',
411 silly addNameRange     '0.1.4',
411 silly addNameRange     '0.1.5',
411 silly addNameRange     '0.1.6',
411 silly addNameRange     '0.1.7',
411 silly addNameRange     '0.1.8',
411 silly addNameRange     '0.1.9',
411 silly addNameRange     '0.2.0-rc1',
411 silly addNameRange     '0.2.0',
411 silly addNameRange     '0.2.1',
411 silly addNameRange     '0.2.2',
411 silly addNameRange     '0.2.3',
411 silly addNameRange     '0.2.4',
411 silly addNameRange     '0.2.5',
411 silly addNameRange     '0.2.6',
411 silly addNameRange     '0.2.7',
411 silly addNameRange     '0.2.8',
411 silly addNameRange     '0.2.9',
411 silly addNameRange     '0.3.0',
411 silly addNameRange     '0.2.10',
411 silly addNameRange     '0.4.0',
411 silly addNameRange     '0.4.1',
411 silly addNameRange     '0.4.2',
411 silly addNameRange     '0.4.4',
411 silly addNameRange     '0.5.0',
411 silly addNameRange     '0.5.1',
411 silly addNameRange     '0.5.2',
411 silly addNameRange     '0.5.3',
411 silly addNameRange     '0.6.0',
411 silly addNameRange     '0.7.0',
411 silly addNameRange     '0.7.1',
411 silly addNameRange     '0.7.2',
411 silly addNameRange     '0.8.0',
411 silly addNameRange     '0.8.1',
411 silly addNameRange     '0.8.2',
411 silly addNameRange     '0.8.3',
411 silly addNameRange     '0.8.4',
411 silly addNameRange     '0.8.5',
411 silly addNameRange     '0.8.6',
411 silly addNameRange     '0.8.7',
411 silly addNameRange     '0.8.8',
411 silly addNameRange     '0.8.9',
411 silly addNameRange     '0.8.10',
411 silly addNameRange     '0.8.11',
411 silly addNameRange     '0.8.12',
411 silly addNameRange     '0.9.0',
411 silly addNameRange     '0.9.1',
411 silly addNameRange     '0.9.2',
411 silly addNameRange     '0.9.3',
411 silly addNameRange     '0.9.4',
411 silly addNameRange     '0.9.5',
411 silly addNameRange     '0.9.6',
411 silly addNameRange     '0.9.7',
411 silly addNameRange     '1.0.0',
411 silly addNameRange     '1.0.1',
411 silly addNameRange     '2.0.0',
411 silly addNameRange     '2.0.1',
411 silly addNameRange     '2.0.2',
411 silly addNameRange     '1.1.0',
411 silly addNameRange     '1.1.1',
411 silly addNameRange     '1.1.2',
411 silly addNameRange     '2.0.3' ] ]
412 verbose addNamed [ 'q', '1.1.2' ]
413 verbose addNamed [ '1.1.2', '1.1.2' ]
414 silly lockFile e953b1ec-q-1-1-2 q@1.1.2
415 verbose lock q@1.1.2 /Users/jeffcao/.npm/e953b1ec-q-1-1-2.lock
416 silly lockFile cf0717ec-registry-npmjs-org-q-q-1-1-2-tgz https://registry.npmjs.org/q/-/q-1.1.2.tgz
417 verbose lock https://registry.npmjs.org/q/-/q-1.1.2.tgz /Users/jeffcao/.npm/cf0717ec-registry-npmjs-org-q-q-1-1-2-tgz.lock
418 verbose addRemoteTarball [ 'https://registry.npmjs.org/q/-/q-1.1.2.tgz',
418 verbose addRemoteTarball   '6357e291206701d99f197ab84e57e8ad196f2a89' ]
419 info retry fetch attempt 1 at 09:07:53
420 verbose fetch to= /var/folders/xg/ny57r3411335mhgptmpvry3c0000gn/T/npm-1809-paIsWSWo/registry.npmjs.org/q/-/q-1.1.2.tgz
421 http GET https://registry.npmjs.org/q/-/q-1.1.2.tgz
422 http 200 https://registry.npmjs.org/q/-/q-1.1.2.tgz
423 silly lockFile cf0717ec-registry-npmjs-org-q-q-1-1-2-tgz https://registry.npmjs.org/q/-/q-1.1.2.tgz
424 silly lockFile cf0717ec-registry-npmjs-org-q-q-1-1-2-tgz https://registry.npmjs.org/q/-/q-1.1.2.tgz
425 silly lockFile e953b1ec-q-1-1-2 q@1.1.2
426 silly lockFile e953b1ec-q-1-1-2 q@1.1.2
427 silly lockFile 18bab862-q q@*
428 silly lockFile 18bab862-q q@*
429 http 200 https://registry.npmjs.org/jade/-/jade-1.5.0.tgz
430 http 200 https://registry.npmjs.org/express
431 silly registry.get cb [ 200,
431 silly registry.get   { date: 'Mon, 02 Feb 2015 01:07:51 GMT',
431 silly registry.get     server: 'CouchDB/1.5.0 (Erlang OTP/R16B03)',
431 silly registry.get     etag: '"8QULIXV5D34VWYNER54HTO8AJ"',
431 silly registry.get     'content-type': 'application/json',
431 silly registry.get     'cache-control': 'max-age=60',
431 silly registry.get     'content-length': '469458',
431 silly registry.get     'accept-ranges': 'bytes',
431 silly registry.get     via: '1.1 varnish',
431 silly registry.get     age: '57',
431 silly registry.get     'x-served-by': 'cache-ty67-TYO',
431 silly registry.get     'x-cache': 'HIT',
431 silly registry.get     'x-cache-hits': '4',
431 silly registry.get     'x-timer': 'S1422839271.058900,VS0,VE0',
431 silly registry.get     vary: 'Accept',
431 silly registry.get     'keep-alive': 'timeout=10, max=47',
431 silly registry.get     connection: 'Keep-Alive' } ]
432 silly addNameRange number 2 { name: 'express', range: '>=4.8.6-0 <4.9.0-0', hasData: true }
433 silly addNameRange versions [ 'express',
433 silly addNameRange   [ '0.14.0',
433 silly addNameRange     '0.14.1',
433 silly addNameRange     '1.0.0',
433 silly addNameRange     '1.0.1',
433 silly addNameRange     '1.0.2',
433 silly addNameRange     '1.0.3',
433 silly addNameRange     '1.0.4',
433 silly addNameRange     '1.0.5',
433 silly addNameRange     '1.0.6',
433 silly addNameRange     '1.0.7',
433 silly addNameRange     '1.0.8',
433 silly addNameRange     '2.0.0',
433 silly addNameRange     '2.1.0',
433 silly addNameRange     '2.1.1',
433 silly addNameRange     '2.2.0',
433 silly addNameRange     '2.2.1',
433 silly addNameRange     '2.2.2',
433 silly addNameRange     '2.3.0',
433 silly addNameRange     '2.3.1',
433 silly addNameRange     '2.3.2',
433 silly addNameRange     '2.3.3',
433 silly addNameRange     '2.3.4',
433 silly addNameRange     '2.3.5',
433 silly addNameRange     '2.3.6',
433 silly addNameRange     '2.3.7',
433 silly addNameRange     '2.3.8',
433 silly addNameRange     '2.3.9',
433 silly addNameRange     '2.3.10',
433 silly addNameRange     '2.3.11',
433 silly addNameRange     '2.3.12',
433 silly addNameRange     '2.4.0',
433 silly addNameRange     '2.4.1',
433 silly addNameRange     '2.4.2',
433 silly addNameRange     '2.4.3',
433 silly addNameRange     '2.4.4',
433 silly addNameRange     '2.4.5',
433 silly addNameRange     '2.4.6',
433 silly addNameRange     '2.4.7',
433 silly addNameRange     '2.5.0',
433 silly addNameRange     '2.5.1',
433 silly addNameRange     '2.5.2',
433 silly addNameRange     '2.5.3',
433 silly addNameRange     '2.5.4',
433 silly addNameRange     '2.5.5',
433 silly addNameRange     '2.5.6',
433 silly addNameRange     '2.5.7',
433 silly addNameRange     '2.5.8',
433 silly addNameRange     '2.5.9',
433 silly addNameRange     '2.5.10',
433 silly addNameRange     '2.5.11',
433 silly addNameRange     '3.0.0',
433 silly addNameRange     '3.0.1',
433 silly addNameRange     '3.0.2',
433 silly addNameRange     '3.0.3',
433 silly addNameRange     '3.0.4',
433 silly addNameRange     '3.0.5',
433 silly addNameRange     '3.0.6',
433 silly addNameRange     '3.1.0',
433 silly addNameRange     '3.1.1',
433 silly addNameRange     '3.1.2',
433 silly addNameRange     '3.2.0',
433 silly addNameRange     '3.2.1',
433 silly addNameRange     '3.2.2',
433 silly addNameRange     '3.2.3',
433 silly addNameRange     '3.2.4',
433 silly addNameRange     '3.2.5',
433 silly addNameRange     '3.2.6',
433 silly addNameRange     '3.3.0',
433 silly addNameRange     '3.3.1',
433 silly addNameRange     '3.3.2',
433 silly addNameRange     '3.3.3',
433 silly addNameRange     '3.3.4',
433 silly addNameRange     '3.3.5',
433 silly addNameRange     '3.3.6',
433 silly addNameRange     '1.0.0-beta',
433 silly addNameRange     '1.0.0-beta2',
433 silly addNameRange     '1.0.0-rc',
433 silly addNameRange     '1.0.0-rc2',
433 silly addNameRange     '1.0.0-rc3',
433 silly addNameRange     '1.0.0-rc4',
433 silly addNameRange     '2.0.0-beta',
433 silly addNameRange     '2.0.0-beta2',
433 silly addNameRange     '2.0.0-beta3',
433 silly addNameRange     '2.0.0-rc',
433 silly addNameRange     '2.0.0-rc2',
433 silly addNameRange     '2.0.0-rc3',
433 silly addNameRange     '3.0.0-alpha1',
433 silly addNameRange     '3.0.0-alpha2',
433 silly addNameRange     '3.0.0-alpha3',
433 silly addNameRange     '3.0.0-alpha4',
433 silly addNameRange     '3.0.0-alpha5',
433 silly addNameRange     '3.0.0-beta1',
433 silly addNameRange     '3.0.0-beta2',
433 silly addNameRange     '3.0.0-beta3',
433 silly addNameRange     '3.0.0-beta4',
433 silly addNameRange     '3.0.0-beta6',
433 silly addNameRange     '3.0.0-beta7',
433 silly addNameRange     '3.0.0-rc1',
433 silly addNameRange     '3.0.0-rc2',
433 silly addNameRange     '3.0.0-rc3',
433 silly addNameRange     '3.0.0-rc4',
433 silly addNameRange     '3.0.0-rc5',
433 silly addNameRange     '3.3.7',
433 silly addNameRange     '3.3.8',
433 silly addNameRange     '3.4.0',
433 silly addNameRange     '3.4.1',
433 silly addNameRange     '3.4.2',
433 silly addNameRange     '3.4.3',
433 silly addNameRange     '3.4.4',
433 silly addNameRange     '3.4.5',
433 silly addNameRange     '3.4.6',
433 silly addNameRange     '3.4.7',
433 silly addNameRange     '3.4.8',
433 silly addNameRange     '4.0.0-rc1',
433 silly addNameRange     '4.0.0-rc2',
433 silly addNameRange     '3.5.0',
433 silly addNameRange     '4.0.0-rc3',
433 silly addNameRange     '4.0.0-rc4',
433 silly addNameRange     '3.5.1',
433 silly addNameRange     '4.0.0',
433 silly addNameRange     '3.5.2',
433 silly addNameRange     '4.1.0',
433 silly addNameRange     '4.1.1',
433 silly addNameRange     '3.5.3',
433 silly addNameRange     '4.1.2',
433 silly addNameRange     '3.6.0',
433 silly addNameRange     '4.2.0',
433 silly addNameRange     '3.7.0',
433 silly addNameRange     '3.8.0',
433 silly addNameRange     '4.3.0',
433 silly addNameRange     '4.3.1',
433 silly addNameRange     '3.8.1',
433 silly addNameRange     '4.3.2',
433 silly addNameRange     '3.9.0',
433 silly addNameRange     '4.4.0',
433 silly addNameRange     '4.4.1',
433 silly addNameRange     '3.10.0',
433 silly addNameRange     '3.10.1',
433 silly addNameRange     '3.10.2',
433 silly addNameRange     '3.10.3',
433 silly addNameRange     '3.10.4',
433 silly addNameRange     '4.4.2',
433 silly addNameRange     '3.10.5',
433 silly addNameRange     '4.4.3',
433 silly addNameRange     '3.11.0',
433 silly addNameRange     '4.4.4',
433 silly addNameRange     '3.12.0',
433 silly addNameRange     '3.12.1',
433 silly addNameRange     '4.4.5',
433 silly addNameRange     '3.13.0',
433 silly addNameRange     '4.5.0',
433 silly addNameRange     '4.5.1',
433 silly addNameRange     '3.14.0',
433 silly addNameRange     '4.6.0',
433 silly addNameRange     '4.6.1',
433 silly addNameRange     '3.15.0',
433 silly addNameRange     '4.7.0',
433 silly addNameRange     '3.15.1',
433 silly addNameRange     '4.7.1',
433 silly addNameRange     '3.15.2',
433 silly addNameRange     '4.7.2',
433 silly addNameRange     '4.7.3',
433 silly addNameRange     '3.15.3',
433 silly addNameRange     '4.7.4',
433 silly addNameRange     '3.16.0',
433 silly addNameRange     '4.8.0',
433 silly addNameRange     '3.16.1',
433 silly addNameRange     '4.8.1',
433 silly addNameRange     '3.16.2',
433 silly addNameRange     '4.8.2',
433 silly addNameRange     '3.16.3',
433 silly addNameRange     '3.16.4',
433 silly addNameRange     '4.8.3',
433 silly addNameRange     '3.16.5',
433 silly addNameRange     '3.16.6',
433 silly addNameRange     '4.8.4',
433 silly addNameRange     '3.16.7',
433 silly addNameRange     '4.8.5',
433 silly addNameRange     '3.16.8',
433 silly addNameRange     '4.8.6',
433 silly addNameRange     '3.16.9',
433 silly addNameRange     '4.8.7',
433 silly addNameRange     '3.16.10',
433 silly addNameRange     '4.8.8',
433 silly addNameRange     '3.17.0',
433 silly addNameRange     '3.17.1',
433 silly addNameRange     '4.9.0',
433 silly addNameRange     '3.17.2',
433 silly addNameRange     '4.9.1',
433 silly addNameRange     '4.9.2',
433 silly addNameRange     '3.17.3',
433 silly addNameRange     '4.9.3',
433 silly addNameRange     '3.17.4',
433 silly addNameRange     '4.9.4',
433 silly addNameRange     '3.17.5',
433 silly addNameRange     '4.9.5',
433 silly addNameRange     '3.17.6',
433 silly addNameRange     '3.17.7',
433 silly addNameRange     '4.9.6',
433 silly addNameRange     '4.9.7',
433 silly addNameRange     '3.17.8',
433 silly addNameRange     '4.9.8',
433 silly addNameRange     '3.18.0',
433 silly addNameRange     '3.18.1',
433 silly addNameRange     '4.10.0',
433 silly addNameRange     '3.18.2',
433 silly addNameRange     '4.10.1',
433 silly addNameRange     '5.0.0-alpha.1',
433 silly addNameRange     '3.18.3',
433 silly addNameRange     '4.10.2',
433 silly addNameRange     '3.18.4',
433 silly addNameRange     '4.10.3',
433 silly addNameRange     '4.10.4',
433 silly addNameRange     '4.10.5',
433 silly addNameRange     '3.18.5',
433 silly addNameRange     '3.18.6',
433 silly addNameRange     '4.10.6',
433 silly addNameRange     '4.10.7',
433 silly addNameRange     '3.19.0',
433 silly addNameRange     '4.10.8',
433 silly addNameRange     '4.11.0',
433 silly addNameRange     '3.19.1',
433 silly addNameRange     '4.11.1',
433 silly addNameRange     '3.19.2',
433 silly addNameRange     '4.11.2' ] ]
434 verbose addNamed [ 'express', '4.8.8' ]
435 verbose addNamed [ '4.8.8', '4.8.8' ]
436 silly lockFile 312b51b3-express-4-8-8 express@4.8.8
437 verbose lock express@4.8.8 /Users/jeffcao/.npm/312b51b3-express-4-8-8.lock
438 silly lockFile 4dd04f4b-js-org-express-express-4-8-8-tgz https://registry.npmjs.org/express/-/express-4.8.8.tgz
439 verbose lock https://registry.npmjs.org/express/-/express-4.8.8.tgz /Users/jeffcao/.npm/4dd04f4b-js-org-express-express-4-8-8-tgz.lock
440 verbose addRemoteTarball [ 'https://registry.npmjs.org/express/-/express-4.8.8.tgz',
440 verbose addRemoteTarball   '6aba348ccdfa87608040b12ca0010107a0aac28e' ]
441 info retry fetch attempt 1 at 09:07:54
442 verbose fetch to= /var/folders/xg/ny57r3411335mhgptmpvry3c0000gn/T/npm-1809-paIsWSWo/registry.npmjs.org/express/-/express-4.8.8.tgz
443 http GET https://registry.npmjs.org/express/-/express-4.8.8.tgz
444 http 200 https://registry.npmjs.org/express/-/express-4.8.8.tgz
445 silly lockFile 4dd04f4b-js-org-express-express-4-8-8-tgz https://registry.npmjs.org/express/-/express-4.8.8.tgz
446 silly lockFile 4dd04f4b-js-org-express-express-4-8-8-tgz https://registry.npmjs.org/express/-/express-4.8.8.tgz
447 silly lockFile 312b51b3-express-4-8-8 express@4.8.8
448 silly lockFile 312b51b3-express-4-8-8 express@4.8.8
449 silly lockFile 64fe1698-express-4-8-6 express@~4.8.6
450 silly lockFile 64fe1698-express-4-8-6 express@~4.8.6
451 silly lockFile 45ed23aa-ry-npmjs-org-jade-jade-1-5-0-tgz https://registry.npmjs.org/jade/-/jade-1.5.0.tgz
452 silly lockFile 45ed23aa-ry-npmjs-org-jade-jade-1-5-0-tgz https://registry.npmjs.org/jade/-/jade-1.5.0.tgz
453 silly lockFile 3d6645a0-jade-1-5-0 jade@1.5.0
454 silly lockFile 3d6645a0-jade-1-5-0 jade@1.5.0
455 silly lockFile 87624308-jade-1-5-0 jade@~1.5.0
456 silly lockFile 87624308-jade-1-5-0 jade@~1.5.0
457 http 200 https://registry.npmjs.org/mongodb
458 silly registry.get cb [ 200,
458 silly registry.get   { date: 'Mon, 02 Feb 2015 01:07:50 GMT',
458 silly registry.get     server: 'CouchDB/1.5.0 (Erlang OTP/R16B03)',
458 silly registry.get     etag: '"2IDXC9WRWO0WVLW1GZMHYKOYN"',
458 silly registry.get     'content-type': 'application/json',
458 silly registry.get     'cache-control': 'max-age=60',
458 silly registry.get     'content-length': '415806',
458 silly registry.get     'accept-ranges': 'bytes',
458 silly registry.get     via: '1.1 varnish',
458 silly registry.get     age: '0',
458 silly registry.get     'x-served-by': 'cache-ty68-TYO',
458 silly registry.get     'x-cache': 'HIT',
458 silly registry.get     'x-cache-hits': '1',
458 silly registry.get     'x-timer': 'S1422839270.617112,VS0,VE180',
458 silly registry.get     vary: 'Accept',
458 silly registry.get     'keep-alive': 'timeout=10, max=49',
458 silly registry.get     connection: 'Keep-Alive' } ]
459 silly addNameRange number 2 { name: 'mongodb', range: '*', hasData: true }
460 silly addNameRange versions [ 'mongodb',
460 silly addNameRange   [ '0.9.4',
460 silly addNameRange     '0.9.4-4',
460 silly addNameRange     '0.9.3',
460 silly addNameRange     '0.9.1',
460 silly addNameRange     '0.9.2',
460 silly addNameRange     '0.9.6-7',
460 silly addNameRange     '0.9.6-8',
460 silly addNameRange     '0.9.6-9',
460 silly addNameRange     '0.9.6-10',
460 silly addNameRange     '0.9.6-11',
460 silly addNameRange     '0.9.6-12',
460 silly addNameRange     '0.9.6-13',
460 silly addNameRange     '0.9.6-14',
460 silly addNameRange     '0.9.6-15',
460 silly addNameRange     '0.9.6-16',
460 silly addNameRange     '0.9.6-17',
460 silly addNameRange     '0.9.6-18',
460 silly addNameRange     '0.9.6-19',
460 silly addNameRange     '0.9.6-20',
460 silly addNameRange     '0.9.6-21',
460 silly addNameRange     '0.9.6-22',
460 silly addNameRange     '0.9.6-23',
460 silly addNameRange     '0.9.7',
460 silly addNameRange     '0.9.7-0',
460 silly addNameRange     '0.9.7-1',
460 silly addNameRange     '0.9.7-1.1',
460 silly addNameRange     '0.9.7-1.2',
460 silly addNameRange     '0.9.7-1.3',
460 silly addNameRange     '0.9.7-1.4',
460 silly addNameRange     '0.9.7-2',
460 silly addNameRange     '0.9.7-2-1',
460 silly addNameRange     '0.9.7-2-2',
460 silly addNameRange     '0.9.7-2-3',
460 silly addNameRange     '0.9.7-2-4',
460 silly addNameRange     '0.9.7-2-5',
460 silly addNameRange     '0.9.7-3',
460 silly addNameRange     '0.9.7-3-1',
460 silly addNameRange     '0.9.7-3-2',
460 silly addNameRange     '0.9.7-3-3',
460 silly addNameRange     '0.9.7-3-4',
460 silly addNameRange     '0.9.7-3-5',
460 silly addNameRange     '0.9.8',
460 silly addNameRange     '0.9.8-1',
460 silly addNameRange     '0.9.8-2',
460 silly addNameRange     '0.9.8-3',
460 silly addNameRange     '0.9.8-4',
460 silly addNameRange     '0.9.8-5',
460 silly addNameRange     '0.9.8-6',
460 silly addNameRange     '0.9.8-7',
460 silly addNameRange     '0.9.9',
460 silly addNameRange     '0.9.9-1',
460 silly addNameRange     '0.9.9-2',
460 silly addNameRange     '0.9.9-3',
460 silly addNameRange     '0.9.9-4',
460 silly addNameRange     '0.9.9-5',
460 silly addNameRange     '0.9.9-6',
460 silly addNameRange     '0.9.9-7',
460 silly addNameRange     '0.9.9-8',
460 silly addNameRange     '1.0.0',
460 silly addNameRange     '1.0.1',
460 silly addNameRange     '1.0.2',
460 silly addNameRange     '1.1.0-beta',
460 silly addNameRange     '1.1.0',
460 silly addNameRange     '1.1.1',
460 silly addNameRange     '1.1.2',
460 silly addNameRange     '1.1.3',
460 silly addNameRange     '1.1.4',
460 silly addNameRange     '1.1.5',
460 silly addNameRange     '1.1.6',
460 silly addNameRange     '1.1.7',
460 silly addNameRange     '1.1.8',
460 silly addNameRange     '1.1.9',
460 silly addNameRange     '1.1.10',
460 silly addNameRange     '1.1.11',
460 silly addNameRange     '1.2.0',
460 silly addNameRange     '1.2.1',
460 silly addNameRange     '1.2.2',
460 silly addNameRange     '1.2.3',
460 silly addNameRange     '1.2.4',
460 silly addNameRange     '1.2.5',
460 silly addNameRange     '1.2.6',
460 silly addNameRange     '1.2.7',
460 silly addNameRange     '1.2.8',
460 silly addNameRange     '1.2.9',
460 silly addNameRange     '1.2.10',
460 silly addNameRange     '1.2.11',
460 silly addNameRange     '1.2.12',
460 silly addNameRange     '1.2.13',
460 silly addNameRange     '1.2.14',
460 silly addNameRange     '1.3.0',
460 silly addNameRange     '1.3.1',
460 silly addNameRange     '1.3.2',
460 silly addNameRange     '1.3.3',
460 silly addNameRange     '1.3.4',
460 silly addNameRange     '1.3.5',
460 silly addNameRange     '1.3.6',
460 silly addNameRange     '1.3.7',
460 silly addNameRange     '1.3.8',
460 silly addNameRange     '1.3.9',
460 silly addNameRange     '1.3.10',
460 silly addNameRange     '1.3.11',
460 silly addNameRange     '1.3.12',
460 silly addNameRange     '1.3.14',
460 silly addNameRange     '1.3.15',
460 silly addNameRange     '1.3.17',
460 silly addNameRange     '1.3.18',
460 silly addNameRange     '1.3.19',
460 silly addNameRange     '1.4.0-rc2',
460 silly addNameRange     '1.3.20',
460 silly addNameRange     '1.4.0-rc3',
460 silly addNameRange     '1.3.21',
460 silly addNameRange     '1.3.22',
460 silly addNameRange     '1.3.23',
460 silly addNameRange     '1.4.0-rc4',
460 silly addNameRange     '1.4.0-rc5',
460 silly addNameRange     '1.4.0-rc6',
460 silly addNameRange     '1.4.0-rc7',
460 silly addNameRange     '1.4.0-rc8',
460 silly addNameRange     '1.4.0-rc9',
460 silly addNameRange     '1.4.0-rc10',
460 silly addNameRange     '1.4.0',
460 silly addNameRange     '1.4.1',
460 silly addNameRange     '1.4.2',
460 silly addNameRange     '1.4.3',
460 silly addNameRange     '1.4.4',
460 silly addNameRange     '1.4.5',
460 silly addNameRange     '1.4.6',
460 silly addNameRange     '1.4.7',
460 silly addNameRange     '1.4.8',
460 silly addNameRange     '1.4.9',
460 silly addNameRange     '1.4.10',
460 silly addNameRange     '2.0.0-alpha1',
460 silly addNameRange     '1.4.11',
460 silly addNameRange     '1.4.12',
460 silly addNameRange     '1.4.14',
460 silly addNameRange     '1.4.15',
460 silly addNameRange     '1.4.16',
460 silly addNameRange     '1.4.17',
460 silly addNameRange     '2.0.0-alpha2',
460 silly addNameRange     '1.4.18',
460 silly addNameRange     '2.0.0',
460 silly addNameRange     '2.0.1',
460 silly addNameRange     '2.0.2',
460 silly addNameRange     '1.4.19',
460 silly addNameRange     '2.0.3',
460 silly addNameRange     '2.0.4',
460 silly addNameRange     '2.0.5',
460 silly addNameRange     '2.0.6',
460 silly addNameRange     '1.4.20',
460 silly addNameRange     '1.4.22',
460 silly addNameRange     '2.0.7',
460 silly addNameRange     '2.0.8',
460 silly addNameRange     '2.0.9',
460 silly addNameRange     '1.4.23',
460 silly addNameRange     '2.0.10',
460 silly addNameRange     '1.4.24',
460 silly addNameRange     '2.0.11',
460 silly addNameRange     '1.4.25',
460 silly addNameRange     '2.0.12',
460 silly addNameRange     '1.4.26',
460 silly addNameRange     '1.4.27',
460 silly addNameRange     '1.4.28',
460 silly addNameRange     '2.0.13',
460 silly addNameRange     '2.0.14',
460 silly addNameRange     '1.4.29' ] ]
461 verbose addNamed [ 'mongodb', '1.4.29' ]
462 verbose addNamed [ '1.4.29', '1.4.29' ]
463 silly lockFile 2563398f-mongodb-1-4-29 mongodb@1.4.29
464 verbose lock mongodb@1.4.29 /Users/jeffcao/.npm/2563398f-mongodb-1-4-29.lock
465 silly lockFile 0ceb3f57-s-org-mongodb-mongodb-1-4-29-tgz https://registry.npmjs.org/mongodb/-/mongodb-1.4.29.tgz
466 verbose lock https://registry.npmjs.org/mongodb/-/mongodb-1.4.29.tgz /Users/jeffcao/.npm/0ceb3f57-s-org-mongodb-mongodb-1-4-29-tgz.lock
467 verbose addRemoteTarball [ 'https://registry.npmjs.org/mongodb/-/mongodb-1.4.29.tgz',
467 verbose addRemoteTarball   '0f1fc8b665e39c9bef0f54d941cad54cd3e3e60e' ]
468 info retry fetch attempt 1 at 09:07:58
469 verbose fetch to= /var/folders/xg/ny57r3411335mhgptmpvry3c0000gn/T/npm-1809-paIsWSWo/registry.npmjs.org/mongodb/-/mongodb-1.4.29.tgz
470 http GET https://registry.npmjs.org/mongodb/-/mongodb-1.4.29.tgz
471 http 200 https://registry.npmjs.org/mongodb/-/mongodb-1.4.29.tgz
472 silly lockFile 0ceb3f57-s-org-mongodb-mongodb-1-4-29-tgz https://registry.npmjs.org/mongodb/-/mongodb-1.4.29.tgz
473 silly lockFile 0ceb3f57-s-org-mongodb-mongodb-1-4-29-tgz https://registry.npmjs.org/mongodb/-/mongodb-1.4.29.tgz
474 silly lockFile 2563398f-mongodb-1-4-29 mongodb@1.4.29
475 silly lockFile 2563398f-mongodb-1-4-29 mongodb@1.4.29
476 silly lockFile 842f93d5-mongodb mongodb@*
477 silly lockFile 842f93d5-mongodb mongodb@*
478 error Error: EACCES, mkdir '/Users/jeffcao/.npm/node-uuid/1.4.2'
478 error  { [Error: EACCES, mkdir '/Users/jeffcao/.npm/node-uuid/1.4.2']
478 error   errno: 3,
478 error   code: 'EACCES',
478 error   path: '/Users/jeffcao/.npm/node-uuid/1.4.2',
478 error   parent: 'charge-server' }
479 error Please try running this command again as root/Administrator.
480 error System Darwin 14.0.0
481 error command "/Users/jeffcao/ddz_env/node-v0.10.33/bin/node" "/usr/local/node/bin/npm" "install" "-d"
482 error cwd /Users/jeffcao/workspace/u_ddz/source/ddz-server/charge-server
483 error node -v v0.10.33
484 error npm -v 1.4.28
485 error path /Users/jeffcao/.npm/node-uuid/1.4.2
486 error code EACCES
487 error errno 3
488 error stack Error: EACCES, mkdir '/Users/jeffcao/.npm/node-uuid/1.4.2'
489 verbose exit [ 3, true ]
